This is pdfTeX, Version 3.141592653-2.6-1.40.24 (TeX Live 2022) (preloaded format=pdflatex 2022.9.14)  28 NOV 2022 18:46
entering extended mode
 restricted \write18 enabled.
 %&-line parsing enabled.
**fpga.tex
(./fpga.tex
LaTeX2e <2022-06-01> patch level 5
L3 programming layer <2022-08-30>
(c:/texlive/2022/texmf-dist/tex/latex/extsizes/extreport.cls
Document Class: extreport 1996/10/08 v1.0 Non Standard LaTeX document class
(c:/texlive/2022/texmf-dist/tex/latex/base/size10.clo
File: size10.clo 2021/10/04 v1.4n Standard LaTeX file (size option)
)
(c:/texlive/2022/texmf-dist/tex/latex/base/exscale.sty
Package: exscale 2018/09/24 v2.1i Standard LaTeX package exscale
LaTeX Font Info:    Redeclaring symbol font `largesymbols' on input line 57.
LaTeX Font Info:    Overwriting symbol font `largesymbols' in version `normal'
(Font)                  OMX/cmex/m/n --> OMX/cmex/m/n on input line 57.
LaTeX Font Info:    Overwriting symbol font `largesymbols' in version `bold'
(Font)                  OMX/cmex/m/n --> OMX/cmex/m/n on input line 57.
\big@size=\dimen138
)
\c@part=\count185
\c@chapter=\count186
\c@section=\count187
\c@subsection=\count188
\c@subsubsection=\count189
\c@paragraph=\count190
\c@subparagraph=\count191
\c@figure=\count192
\c@table=\count193
\abovecaptionskip=\skip47
\belowcaptionskip=\skip48
\bibindent=\dimen139
)
(c:/texlive/2022/texmf-dist/tex/latex/base/fontenc.sty
Package: fontenc 2021/04/29 v2.0v Standard LaTeX package

(c:/texlive/2022/texmf-dist/tex/latex/cyrillic/t2aenc.def
File: t2aenc.def 2022/06/11 v1.0j Cyrillic encoding definition file
Now handling font encoding T2A ...
... processing UTF-8 mapping file for font encoding T2A

(c:/texlive/2022/texmf-dist/tex/latex/base/t2aenc.dfu
File: t2aenc.dfu 2022/06/07 v1.3c UTF-8 support
   defining Unicode char U+00A4 (decimal 164)
   defining Unicode char U+00A7 (decimal 167)
   defining Unicode char U+00AB (decimal 171)
   defining Unicode char U+00BB (decimal 187)
   defining Unicode char U+0131 (decimal 305)
   defining Unicode char U+0237 (decimal 567)
   defining Unicode char U+0400 (decimal 1024)
   defining Unicode char U+0401 (decimal 1025)
   defining Unicode char U+0402 (decimal 1026)
   defining Unicode char U+0403 (decimal 1027)
   defining Unicode char U+0404 (decimal 1028)
   defining Unicode char U+0405 (decimal 1029)
   defining Unicode char U+0406 (decimal 1030)
   defining Unicode char U+0407 (decimal 1031)
   defining Unicode char U+0408 (decimal 1032)
   defining Unicode char U+0409 (decimal 1033)
   defining Unicode char U+040A (decimal 1034)
   defining Unicode char U+040B (decimal 1035)
   defining Unicode char U+040C (decimal 1036)
   defining Unicode char U+040D (decimal 1037)
   defining Unicode char U+040E (decimal 1038)
   defining Unicode char U+040F (decimal 1039)
   defining Unicode char U+0410 (decimal 1040)
   defining Unicode char U+0411 (decimal 1041)
   defining Unicode char U+0412 (decimal 1042)
   defining Unicode char U+0413 (decimal 1043)
   defining Unicode char U+0414 (decimal 1044)
   defining Unicode char U+0415 (decimal 1045)
   defining Unicode char U+0416 (decimal 1046)
   defining Unicode char U+0417 (decimal 1047)
   defining Unicode char U+0418 (decimal 1048)
   defining Unicode char U+0419 (decimal 1049)
   defining Unicode char U+041A (decimal 1050)
   defining Unicode char U+041B (decimal 1051)
   defining Unicode char U+041C (decimal 1052)
   defining Unicode char U+041D (decimal 1053)
   defining Unicode char U+041E (decimal 1054)
   defining Unicode char U+041F (decimal 1055)
   defining Unicode char U+0420 (decimal 1056)
   defining Unicode char U+0421 (decimal 1057)
   defining Unicode char U+0422 (decimal 1058)
   defining Unicode char U+0423 (decimal 1059)
   defining Unicode char U+0424 (decimal 1060)
   defining Unicode char U+0425 (decimal 1061)
   defining Unicode char U+0426 (decimal 1062)
   defining Unicode char U+0427 (decimal 1063)
   defining Unicode char U+0428 (decimal 1064)
   defining Unicode char U+0429 (decimal 1065)
   defining Unicode char U+042A (decimal 1066)
   defining Unicode char U+042B (decimal 1067)
   defining Unicode char U+042C (decimal 1068)
   defining Unicode char U+042D (decimal 1069)
   defining Unicode char U+042E (decimal 1070)
   defining Unicode char U+042F (decimal 1071)
   defining Unicode char U+0430 (decimal 1072)
   defining Unicode char U+0431 (decimal 1073)
   defining Unicode char U+0432 (decimal 1074)
   defining Unicode char U+0433 (decimal 1075)
   defining Unicode char U+0434 (decimal 1076)
   defining Unicode char U+0435 (decimal 1077)
   defining Unicode char U+0436 (decimal 1078)
   defining Unicode char U+0437 (decimal 1079)
   defining Unicode char U+0438 (decimal 1080)
   defining Unicode char U+0439 (decimal 1081)
   defining Unicode char U+043A (decimal 1082)
   defining Unicode char U+043B (decimal 1083)
   defining Unicode char U+043C (decimal 1084)
   defining Unicode char U+043D (decimal 1085)
   defining Unicode char U+043E (decimal 1086)
   defining Unicode char U+043F (decimal 1087)
   defining Unicode char U+0440 (decimal 1088)
   defining Unicode char U+0441 (decimal 1089)
   defining Unicode char U+0442 (decimal 1090)
   defining Unicode char U+0443 (decimal 1091)
   defining Unicode char U+0444 (decimal 1092)
   defining Unicode char U+0445 (decimal 1093)
   defining Unicode char U+0446 (decimal 1094)
   defining Unicode char U+0447 (decimal 1095)
   defining Unicode char U+0448 (decimal 1096)
   defining Unicode char U+0449 (decimal 1097)
   defining Unicode char U+044A (decimal 1098)
   defining Unicode char U+044B (decimal 1099)
   defining Unicode char U+044C (decimal 1100)
   defining Unicode char U+044D (decimal 1101)
   defining Unicode char U+044E (decimal 1102)
   defining Unicode char U+044F (decimal 1103)
   defining Unicode char U+0450 (decimal 1104)
   defining Unicode char U+0451 (decimal 1105)
   defining Unicode char U+0452 (decimal 1106)
   defining Unicode char U+0453 (decimal 1107)
   defining Unicode char U+0454 (decimal 1108)
   defining Unicode char U+0455 (decimal 1109)
   defining Unicode char U+0456 (decimal 1110)
   defining Unicode char U+0457 (decimal 1111)
   defining Unicode char U+0458 (decimal 1112)
   defining Unicode char U+0459 (decimal 1113)
   defining Unicode char U+045A (decimal 1114)
   defining Unicode char U+045B (decimal 1115)
   defining Unicode char U+045C (decimal 1116)
   defining Unicode char U+045D (decimal 1117)
   defining Unicode char U+045E (decimal 1118)
   defining Unicode char U+045F (decimal 1119)
   defining Unicode char U+0490 (decimal 1168)
   defining Unicode char U+0491 (decimal 1169)
   defining Unicode char U+0492 (decimal 1170)
   defining Unicode char U+0493 (decimal 1171)
   defining Unicode char U+0496 (decimal 1174)
   defining Unicode char U+0497 (decimal 1175)
   defining Unicode char U+0498 (decimal 1176)
   defining Unicode char U+0499 (decimal 1177)
   defining Unicode char U+049A (decimal 1178)
   defining Unicode char U+049B (decimal 1179)
   defining Unicode char U+049C (decimal 1180)
   defining Unicode char U+049D (decimal 1181)
   defining Unicode char U+04A0 (decimal 1184)
   defining Unicode char U+04A1 (decimal 1185)
   defining Unicode char U+04A2 (decimal 1186)
   defining Unicode char U+04A3 (decimal 1187)
   defining Unicode char U+04A4 (decimal 1188)
   defining Unicode char U+04A5 (decimal 1189)
   defining Unicode char U+04AA (decimal 1194)
   defining Unicode char U+04AB (decimal 1195)
   defining Unicode char U+04AE (decimal 1198)
   defining Unicode char U+04AF (decimal 1199)
   defining Unicode char U+04B0 (decimal 1200)
   defining Unicode char U+04B1 (decimal 1201)
   defining Unicode char U+04B2 (decimal 1202)
   defining Unicode char U+04B3 (decimal 1203)
   defining Unicode char U+04B6 (decimal 1206)
   defining Unicode char U+04B7 (decimal 1207)
   defining Unicode char U+04B8 (decimal 1208)
   defining Unicode char U+04B9 (decimal 1209)
   defining Unicode char U+04BA (decimal 1210)
   defining Unicode char U+04BB (decimal 1211)
   defining Unicode char U+04C0 (decimal 1216)
   defining Unicode char U+04C1 (decimal 1217)
   defining Unicode char U+04C2 (decimal 1218)
   defining Unicode char U+04D0 (decimal 1232)
   defining Unicode char U+04D1 (decimal 1233)
   defining Unicode char U+04D2 (decimal 1234)
   defining Unicode char U+04D3 (decimal 1235)
   defining Unicode char U+04D4 (decimal 1236)
   defining Unicode char U+04D5 (decimal 1237)
   defining Unicode char U+04D6 (decimal 1238)
   defining Unicode char U+04D7 (decimal 1239)
   defining Unicode char U+04D8 (decimal 1240)
   defining Unicode char U+04D9 (decimal 1241)
   defining Unicode char U+04DA (decimal 1242)
   defining Unicode char U+04DB (decimal 1243)
   defining Unicode char U+04DC (decimal 1244)
   defining Unicode char U+04DD (decimal 1245)
   defining Unicode char U+04DE (decimal 1246)
   defining Unicode char U+04DF (decimal 1247)
   defining Unicode char U+04E2 (decimal 1250)
   defining Unicode char U+04E3 (decimal 1251)
   defining Unicode char U+04E4 (decimal 1252)
   defining Unicode char U+04E5 (decimal 1253)
   defining Unicode char U+04E6 (decimal 1254)
   defining Unicode char U+04E7 (decimal 1255)
   defining Unicode char U+04E8 (decimal 1256)
   defining Unicode char U+04E9 (decimal 1257)
   defining Unicode char U+04EC (decimal 1260)
   defining Unicode char U+04ED (decimal 1261)
   defining Unicode char U+04EE (decimal 1262)
   defining Unicode char U+04EF (decimal 1263)
   defining Unicode char U+04F0 (decimal 1264)
   defining Unicode char U+04F1 (decimal 1265)
   defining Unicode char U+04F2 (decimal 1266)
   defining Unicode char U+04F3 (decimal 1267)
   defining Unicode char U+04F4 (decimal 1268)
   defining Unicode char U+04F5 (decimal 1269)
   defining Unicode char U+04F8 (decimal 1272)
   defining Unicode char U+04F9 (decimal 1273)
   defining Unicode char U+200C (decimal 8204)
   defining Unicode char U+2013 (decimal 8211)
   defining Unicode char U+2014 (decimal 8212)
   defining Unicode char U+2018 (decimal 8216)
   defining Unicode char U+2019 (decimal 8217)
   defining Unicode char U+201C (decimal 8220)
   defining Unicode char U+201D (decimal 8221)
   defining Unicode char U+201E (decimal 8222)
   defining Unicode char U+2030 (decimal 8240)
   defining Unicode char U+2031 (decimal 8241)
   defining Unicode char U+2116 (decimal 8470)
   defining Unicode char U+2329 (decimal 9001)
   defining Unicode char U+3008 (decimal 12296)
   defining Unicode char U+232A (decimal 9002)
   defining Unicode char U+3009 (decimal 12297)
   defining Unicode char U+2423 (decimal 9251)
   defining Unicode char U+27E8 (decimal 10216)
   defining Unicode char U+27E9 (decimal 10217)
   defining Unicode char U+FB00 (decimal 64256)
   defining Unicode char U+FB01 (decimal 64257)
   defining Unicode char U+FB02 (decimal 64258)
   defining Unicode char U+FB03 (decimal 64259)
   defining Unicode char U+FB04 (decimal 64260)
   defining Unicode char U+FB05 (decimal 64261)
   defining Unicode char U+FB06 (decimal 64262)
))
LaTeX Font Info:    Trying to load font information for T2A+cmr on input line 1
12.

(c:/texlive/2022/texmf-dist/tex/latex/cyrillic/t2acmr.fd
File: t2acmr.fd 2001/08/11 v1.0a Computer Modern Cyrillic font definitions
))
(c:/texlive/2022/texmf-dist/tex/latex/base/inputenc.sty
Package: inputenc 2021/02/14 v1.3d Input encoding file
\inpenc@prehook=\toks16
\inpenc@posthook=\toks17
)
(c:/texlive/2022/texmf-dist/tex/generic/babel/babel.sty
Package: babel 2022/08/29 3.79 The Babel package
\babel@savecnt=\count194
\U@D=\dimen140
\l@unhyphenated=\language87

(c:/texlive/2022/texmf-dist/tex/generic/babel/txtbabel.def)
\bbl@readstream=\read2
\bbl@dirlevel=\count195

(c:/texlive/2022/texmf-dist/tex/generic/babel-english/english.ldf
Language: english 2017/06/06 v3.3r English support from the babel system
Package babel Info: Hyphen rules for 'canadian' set to \l@english
(babel)             (\language0). Reported on input line 102.
Package babel Info: Hyphen rules for 'australian' set to \l@ukenglish
(babel)             (\language21). Reported on input line 105.
Package babel Info: Hyphen rules for 'newzealand' set to \l@ukenglish
(babel)             (\language21). Reported on input line 108.
)
(c:/texlive/2022/texmf-dist/tex/generic/babel-russian/russianb.ldf
File: russianb.ldf 2021/01/10 1.3m Russian support for the Babel system
Language: russian 2020/09/09 1.3k Russian support for the Babel system
Package babel Info: Making " an active character on input line 124.
Package babel Info: Default for \cyrdash is provided on input line 163.
))
(c:/texlive/2022/texmf-dist/tex/generic/babel/locale/ru/babel-russian.tex
Package babel Info: Importing font and identification data for russian
(babel)             from babel-ru.ini. Reported on input line 11.
)
(c:/texlive/2022/texmf-dist/tex/generic/babel/locale/en/babel-english.tex
Package babel Info: Importing font and identification data for english
(babel)             from babel-en.ini. Reported on input line 11.
)
(c:/texlive/2022/texmf-dist/tex/latex/hyperref/hyperref.sty
Package: hyperref 2022-06-20 v7.00s Hypertext links for LaTeX

(c:/texlive/2022/texmf-dist/tex/generic/ltxcmds/ltxcmds.sty
Package: ltxcmds 2020-05-10 v1.25 LaTeX kernel commands for general use (HO)
)
(c:/texlive/2022/texmf-dist/tex/generic/iftex/iftex.sty
Package: iftex 2022/02/03 v1.0f TeX engine tests
)
(c:/texlive/2022/texmf-dist/tex/generic/pdftexcmds/pdftexcmds.sty
Package: pdftexcmds 2020-06-27 v0.33 Utility functions of pdfTeX for LuaTeX (HO
)

(c:/texlive/2022/texmf-dist/tex/generic/infwarerr/infwarerr.sty
Package: infwarerr 2019/12/03 v1.5 Providing info/warning/error messages (HO)
)
Package pdftexcmds Info: \pdf@primitive is available.
Package pdftexcmds Info: \pdf@ifprimitive is available.
Package pdftexcmds Info: \pdfdraftmode found.
)
(c:/texlive/2022/texmf-dist/tex/latex/graphics/keyval.sty
Package: keyval 2022/05/29 v1.15 key=value parser (DPC)
\KV@toks@=\toks18
)
(c:/texlive/2022/texmf-dist/tex/generic/kvsetkeys/kvsetkeys.sty
Package: kvsetkeys 2019/12/15 v1.18 Key value parser (HO)
)
(c:/texlive/2022/texmf-dist/tex/generic/kvdefinekeys/kvdefinekeys.sty
Package: kvdefinekeys 2019-12-19 v1.6 Define keys (HO)
)
(c:/texlive/2022/texmf-dist/tex/generic/pdfescape/pdfescape.sty
Package: pdfescape 2019/12/09 v1.15 Implements pdfTeX's escape features (HO)
)
(c:/texlive/2022/texmf-dist/tex/latex/hycolor/hycolor.sty
Package: hycolor 2020-01-27 v1.10 Color options for hyperref/bookmark (HO)
)
(c:/texlive/2022/texmf-dist/tex/latex/letltxmacro/letltxmacro.sty
Package: letltxmacro 2019/12/03 v1.6 Let assignment for LaTeX macros (HO)
)
(c:/texlive/2022/texmf-dist/tex/latex/auxhook/auxhook.sty
Package: auxhook 2019-12-17 v1.6 Hooks for auxiliary files (HO)
)
(c:/texlive/2022/texmf-dist/tex/latex/hyperref/nameref.sty
Package: nameref 2022-05-17 v2.50 Cross-referencing by name of section

(c:/texlive/2022/texmf-dist/tex/latex/refcount/refcount.sty
Package: refcount 2019/12/15 v3.6 Data extraction from label references (HO)
)
(c:/texlive/2022/texmf-dist/tex/generic/gettitlestring/gettitlestring.sty
Package: gettitlestring 2019/12/15 v1.6 Cleanup title references (HO)

(c:/texlive/2022/texmf-dist/tex/latex/kvoptions/kvoptions.sty
Package: kvoptions 2022-06-15 v3.15 Key value format for package options (HO)
))
\c@section@level=\count196
)
\@linkdim=\dimen141
\Hy@linkcounter=\count197
\Hy@pagecounter=\count198

(c:/texlive/2022/texmf-dist/tex/latex/hyperref/pd1enc.def
File: pd1enc.def 2022-06-20 v7.00s Hyperref: PDFDocEncoding definition (HO)
Now handling font encoding PD1 ...
... no UTF-8 mapping file for font encoding PD1
)
(c:/texlive/2022/texmf-dist/tex/generic/intcalc/intcalc.sty
Package: intcalc 2019/12/15 v1.3 Expandable calculations with integers (HO)
)
(c:/texlive/2022/texmf-dist/tex/generic/etexcmds/etexcmds.sty
Package: etexcmds 2019/12/15 v1.7 Avoid name clashes with e-TeX commands (HO)
)
\Hy@SavedSpaceFactor=\count199

(c:/texlive/2022/texmf-dist/tex/latex/hyperref/puenc.def
File: puenc.def 2022-06-20 v7.00s Hyperref: PDF Unicode definition (HO)
Now handling font encoding PU ...
... no UTF-8 mapping file for font encoding PU
)
Package hyperref Info: Option `unicode' set `true' on input line 3149.
Package hyperref Info: Option `unicode' set `true' on input line 4045.
Package hyperref Info: Hyper figures OFF on input line 4162.
Package hyperref Info: Link nesting OFF on input line 4167.
Package hyperref Info: Hyper index ON on input line 4170.
Package hyperref Info: Plain pages OFF on input line 4177.
Package hyperref Info: Backreferencing OFF on input line 4182.
Package hyperref Info: Implicit mode ON; LaTeX internals redefined.
Package hyperref Info: Bookmarks ON on input line 4408.
\c@Hy@tempcnt=\count266

(c:/texlive/2022/texmf-dist/tex/latex/url/url.sty
\Urlmuskip=\muskip16
Package: url 2013/09/16  ver 3.4  Verb mode for urls, etc.
)
LaTeX Info: Redefining \url on input line 4746.
\XeTeXLinkMargin=\dimen142

(c:/texlive/2022/texmf-dist/tex/generic/bitset/bitset.sty
Package: bitset 2019/12/09 v1.3 Handle bit-vector datatype (HO)

(c:/texlive/2022/texmf-dist/tex/generic/bigintcalc/bigintcalc.sty
Package: bigintcalc 2019/12/15 v1.5 Expandable calculations on big integers (HO
)
))
\Fld@menulength=\count267
\Field@Width=\dimen143
\Fld@charsize=\dimen144
Package hyperref Info: Hyper figures OFF on input line 6024.
Package hyperref Info: Link nesting OFF on input line 6029.
Package hyperref Info: Hyper index ON on input line 6032.
Package hyperref Info: backreferencing OFF on input line 6039.
Package hyperref Info: Link coloring OFF on input line 6044.
Package hyperref Info: Link coloring with OCG OFF on input line 6049.
Package hyperref Info: PDF/A mode OFF on input line 6054.

(c:/texlive/2022/texmf-dist/tex/latex/base/atbegshi-ltx.sty
Package: atbegshi-ltx 2021/01/10 v1.0c Emulation of the original atbegshi
package with kernel methods
)
\Hy@abspage=\count268
\c@Item=\count269
\c@Hfootnote=\count270
)
Package hyperref Info: Driver: hpdftex.

(c:/texlive/2022/texmf-dist/tex/latex/hyperref/hpdftex.def
File: hpdftex.def 2022-06-20 v7.00s Hyperref driver for pdfTeX

(c:/texlive/2022/texmf-dist/tex/latex/base/atveryend-ltx.sty
Package: atveryend-ltx 2020/08/19 v1.0a Emulation of the original atveryend pac
kage
with kernel methods
)
\Fld@listcount=\count271
\c@bookmark@seq@number=\count272

(c:/texlive/2022/texmf-dist/tex/latex/rerunfilecheck/rerunfilecheck.sty
Package: rerunfilecheck 2022-07-10 v1.10 Rerun checks for auxiliary files (HO)

(c:/texlive/2022/texmf-dist/tex/generic/uniquecounter/uniquecounter.sty
Package: uniquecounter 2019/12/15 v1.4 Provide unlimited unique counter (HO)
)
Package uniquecounter Info: New unique counter `rerunfilecheck' on input line 2
85.
)
\Hy@SectionHShift=\skip49
)
(c:/texlive/2022/texmf-dist/tex/latex/amsmath/amsmath.sty
Package: amsmath 2022/04/08 v2.17n AMS math features
\@mathmargin=\skip50

For additional information on amsmath, use the `?' option.
(c:/texlive/2022/texmf-dist/tex/latex/amsmath/amstext.sty
Package: amstext 2021/08/26 v2.01 AMS text

(c:/texlive/2022/texmf-dist/tex/latex/amsmath/amsgen.sty
File: amsgen.sty 1999/11/30 v2.0 generic functions
\@emptytoks=\toks19
\ex@=\dimen145
))
(c:/texlive/2022/texmf-dist/tex/latex/amsmath/amsbsy.sty
Package: amsbsy 1999/11/29 v1.2d Bold Symbols
\pmbraise@=\dimen146
)
(c:/texlive/2022/texmf-dist/tex/latex/amsmath/amsopn.sty
Package: amsopn 2022/04/08 v2.04 operator names
)
\inf@bad=\count273
LaTeX Info: Redefining \frac on input line 234.
\uproot@=\count274
\leftroot@=\count275
LaTeX Info: Redefining \overline on input line 399.
LaTeX Info: Redefining \colon on input line 410.
\classnum@=\count276
\DOTSCASE@=\count277
LaTeX Info: Redefining \ldots on input line 496.
LaTeX Info: Redefining \dots on input line 499.
LaTeX Info: Redefining \cdots on input line 620.
\Mathstrutbox@=\box51
\strutbox@=\box52
LaTeX Info: Redefining \big on input line 722.
LaTeX Info: Redefining \Big on input line 723.
LaTeX Info: Redefining \bigg on input line 724.
LaTeX Info: Redefining \Bigg on input line 725.
\big@size=\dimen147
LaTeX Font Info:    Redeclaring font encoding OML on input line 743.
LaTeX Font Info:    Redeclaring font encoding OMS on input line 744.
\macc@depth=\count278
LaTeX Info: Redefining \bmod on input line 905.
LaTeX Info: Redefining \pmod on input line 910.
LaTeX Info: Redefining \smash on input line 940.
LaTeX Info: Redefining \relbar on input line 970.
LaTeX Info: Redefining \Relbar on input line 971.
\c@MaxMatrixCols=\count279
\dotsspace@=\muskip17
\c@parentequation=\count280
\dspbrk@lvl=\count281
\tag@help=\toks20
\row@=\count282
\column@=\count283
\maxfields@=\count284
\andhelp@=\toks21
\eqnshift@=\dimen148
\alignsep@=\dimen149
\tagshift@=\dimen150
\tagwidth@=\dimen151
\totwidth@=\dimen152
\lineht@=\dimen153
\@envbody=\toks22
\multlinegap=\skip51
\multlinetaggap=\skip52
\mathdisplay@stack=\toks23
LaTeX Info: Redefining \[ on input line 2953.
LaTeX Info: Redefining \] on input line 2954.
)
(c:/texlive/2022/texmf-dist/tex/latex/vmargin/vmargin.sty
Package: vmargin 2004/07/15 V2.5 set document margins (VK)

Package: vmargin 2004/07/15 V2.5 set document margins (VK)
\PaperWidth=\dimen154
\PaperHeight=\dimen155
) (c:/texlive/2022/texmf-dist/tex/latex/fancyvrb/fancyvrb.sty
Package: fancyvrb 2022/06/06 4.5 verbatim text (tvz,hv)
\FV@CodeLineNo=\count285
\FV@InFile=\read3
\FV@TabBox=\box53
\c@FancyVerbLine=\count286
\FV@StepNumber=\count287
\FV@OutFile=\write3
)
(c:/texlive/2022/texmf-dist/tex/latex/tools/indentfirst.sty
Package: indentfirst 1995/11/23 v1.03 Indent first paragraph (DPC)
)
(c:/texlive/2022/texmf-dist/tex/latex/graphics/graphicx.sty
Package: graphicx 2021/09/16 v1.2d Enhanced LaTeX Graphics (DPC,SPQR)

(c:/texlive/2022/texmf-dist/tex/latex/graphics/graphics.sty
Package: graphics 2022/03/10 v1.4e Standard LaTeX Graphics (DPC,SPQR)

(c:/texlive/2022/texmf-dist/tex/latex/graphics/trig.sty
Package: trig 2021/08/11 v1.11 sin cos tan (DPC)
)
(c:/texlive/2022/texmf-dist/tex/latex/graphics-cfg/graphics.cfg
File: graphics.cfg 2016/06/04 v1.11 sample graphics configuration
)
Package graphics Info: Driver file: pdftex.def on input line 107.

(c:/texlive/2022/texmf-dist/tex/latex/graphics-def/pdftex.def
File: pdftex.def 2020/10/05 v1.2a Graphics/color driver for pdftex
))
\Gin@req@height=\dimen156
\Gin@req@width=\dimen157
)
(c:/texlive/2022/texmf-dist/tex/latex/booktabs/booktabs.sty
Package: booktabs 2020/01/12 v1.61803398 Publication quality tables
\heavyrulewidth=\dimen158
\lightrulewidth=\dimen159
\cmidrulewidth=\dimen160
\belowrulesep=\dimen161
\belowbottomsep=\dimen162
\aboverulesep=\dimen163
\abovetopsep=\dimen164
\cmidrulesep=\dimen165
\cmidrulekern=\dimen166
\defaultaddspace=\dimen167
\@cmidla=\count288
\@cmidlb=\count289
\@aboverulesep=\dimen168
\@belowrulesep=\dimen169
\@thisruleclass=\count290
\@lastruleclass=\count291
\@thisrulewidth=\dimen170
)
(c:/texlive/2022/texmf-dist/tex/latex/polynom/polynom.sty
Package: polynom 2017/07/17 0.19 (CH,HA)
\pld@currstage=\count292
)
(c:/texlive/2022/texmf-dist/tex/latex/setspace/setspace.sty
Package: setspace 2011/12/19 v6.7a set line spacing
)
(c:/texlive/2022/texmf-dist/tex/latex/multirow/multirow.sty
Package: multirow 2021/03/15 v2.8 Span multiple rows of a table
\multirow@colwidth=\skip53
\multirow@cntb=\count293
\multirow@dima=\skip54
\bigstrutjot=\dimen171
)
(c:/texlive/2022/texmf-dist/tex/latex/caption/caption.sty
Package: caption 2022/03/01 v3.6b Customizing captions (AR)

(c:/texlive/2022/texmf-dist/tex/latex/caption/caption3.sty
Package: caption3 2022/03/17 v2.3b caption3 kernel (AR)
\caption@tempdima=\dimen172
\captionmargin=\dimen173
\caption@leftmargin=\dimen174
\caption@rightmargin=\dimen175
\caption@width=\dimen176
\caption@indent=\dimen177
\caption@parindent=\dimen178
\caption@hangindent=\dimen179
Package caption Info: Standard document class detected.
)
\c@caption@flags=\count294
\c@continuedfloat=\count295
Package caption Info: hyperref package is loaded.
)
(c:/texlive/2022/texmf-dist/tex/latex/subfigure/subfigure.sty
Package: subfigure 2002/03/15 v2.1.5 subfigure package
\subfigtopskip=\skip55
\subfigcapskip=\skip56
\subfigcaptopadj=\dimen180
\subfigbottomskip=\skip57
\subfigcapmargin=\dimen181
\subfiglabelskip=\skip58
\c@subfigure=\count296
\c@lofdepth=\count297
\c@subtable=\count298
\c@lotdepth=\count299

****************************************
* Local config file subfigure.cfg used *
****************************************
(c:/texlive/2022/texmf-dist/tex/latex/subfigure/subfigure.cfg)
\subfig@top=\skip59
\subfig@bottom=\skip60
)
(c:/texlive/2022/texmf-dist/tex/latex/listings/listings.sty
\lst@mode=\count300
\lst@gtempboxa=\box54
\lst@token=\toks24
\lst@length=\count301
\lst@currlwidth=\dimen182
\lst@column=\count302
\lst@pos=\count303
\lst@lostspace=\dimen183
\lst@width=\dimen184
\lst@newlines=\count304
\lst@lineno=\count305
\lst@maxwidth=\dimen185

(c:/texlive/2022/texmf-dist/tex/latex/listings/lstmisc.sty
File: lstmisc.sty 2020/03/24 1.8d (Carsten Heinz)
\c@lstnumber=\count306
\lst@skipnumbers=\count307
\lst@framebox=\box55
)
(c:/texlive/2022/texmf-dist/tex/latex/listings/listings.cfg
File: listings.cfg 2020/03/24 1.8d listings configuration
))
Package: listings 2020/03/24 1.8d (Carsten Heinz)

(c:/texlive/2022/texmf-dist/tex/latex/pgf/frontendlayer/tikz.sty
(c:/texlive/2022/texmf-dist/tex/latex/pgf/basiclayer/pgf.sty
(c:/texlive/2022/texmf-dist/tex/latex/pgf/utilities/pgfrcs.sty
(c:/texlive/2022/texmf-dist/tex/generic/pgf/utilities/pgfutil-common.tex
\pgfutil@everybye=\toks25
\pgfutil@tempdima=\dimen186
\pgfutil@tempdimb=\dimen187

(c:/texlive/2022/texmf-dist/tex/generic/pgf/utilities/pgfutil-common-lists.tex)
) (c:/texlive/2022/texmf-dist/tex/generic/pgf/utilities/pgfutil-latex.def
\pgfutil@abb=\box56
)
(c:/texlive/2022/texmf-dist/tex/generic/pgf/utilities/pgfrcs.code.tex
(c:/texlive/2022/texmf-dist/tex/generic/pgf/pgf.revision.tex)
Package: pgfrcs 2021/05/15 v3.1.9a (3.1.9a)
))
Package: pgf 2021/05/15 v3.1.9a (3.1.9a)

(c:/texlive/2022/texmf-dist/tex/latex/pgf/basiclayer/pgfcore.sty
(c:/texlive/2022/texmf-dist/tex/latex/pgf/systemlayer/pgfsys.sty
(c:/texlive/2022/texmf-dist/tex/generic/pgf/systemlayer/pgfsys.code.tex
Package: pgfsys 2021/05/15 v3.1.9a (3.1.9a)

(c:/texlive/2022/texmf-dist/tex/generic/pgf/utilities/pgfkeys.code.tex
\pgfkeys@pathtoks=\toks26
\pgfkeys@temptoks=\toks27

(c:/texlive/2022/texmf-dist/tex/generic/pgf/utilities/pgfkeysfiltered.code.tex
\pgfkeys@tmptoks=\toks28
))
\pgf@x=\dimen188
\pgf@y=\dimen189
\pgf@xa=\dimen190
\pgf@ya=\dimen191
\pgf@xb=\dimen192
\pgf@yb=\dimen193
\pgf@xc=\dimen194
\pgf@yc=\dimen195
\pgf@xd=\dimen196
\pgf@yd=\dimen197
\w@pgf@writea=\write4
\r@pgf@reada=\read4
\c@pgf@counta=\count308
\c@pgf@countb=\count309
\c@pgf@countc=\count310
\c@pgf@countd=\count311
\t@pgf@toka=\toks29
\t@pgf@tokb=\toks30
\t@pgf@tokc=\toks31
\pgf@sys@id@count=\count312
 (c:/texlive/2022/texmf-dist/tex/generic/pgf/systemlayer/pgf.cfg
File: pgf.cfg 2021/05/15 v3.1.9a (3.1.9a)
)
Driver file for pgf: pgfsys-pdftex.def

(c:/texlive/2022/texmf-dist/tex/generic/pgf/systemlayer/pgfsys-pdftex.def
File: pgfsys-pdftex.def 2021/05/15 v3.1.9a (3.1.9a)

(c:/texlive/2022/texmf-dist/tex/generic/pgf/systemlayer/pgfsys-common-pdf.def
File: pgfsys-common-pdf.def 2021/05/15 v3.1.9a (3.1.9a)
)))
(c:/texlive/2022/texmf-dist/tex/generic/pgf/systemlayer/pgfsyssoftpath.code.tex
File: pgfsyssoftpath.code.tex 2021/05/15 v3.1.9a (3.1.9a)
\pgfsyssoftpath@smallbuffer@items=\count313
\pgfsyssoftpath@bigbuffer@items=\count314
)
(c:/texlive/2022/texmf-dist/tex/generic/pgf/systemlayer/pgfsysprotocol.code.tex
File: pgfsysprotocol.code.tex 2021/05/15 v3.1.9a (3.1.9a)
)) (c:/texlive/2022/texmf-dist/tex/latex/xcolor/xcolor.sty
Package: xcolor 2022/06/12 v2.14 LaTeX color extensions (UK)

(c:/texlive/2022/texmf-dist/tex/latex/graphics-cfg/color.cfg
File: color.cfg 2016/01/02 v1.6 sample color configuration
)
Package xcolor Info: Driver file: pdftex.def on input line 227.

(c:/texlive/2022/texmf-dist/tex/latex/graphics/mathcolor.ltx)
Package xcolor Info: Model `cmy' substituted by `cmy0' on input line 1353.
Package xcolor Info: Model `hsb' substituted by `rgb' on input line 1357.
Package xcolor Info: Model `RGB' extended on input line 1369.
Package xcolor Info: Model `HTML' substituted by `rgb' on input line 1371.
Package xcolor Info: Model `Hsb' substituted by `hsb' on input line 1372.
Package xcolor Info: Model `tHsb' substituted by `hsb' on input line 1373.
Package xcolor Info: Model `HSB' substituted by `hsb' on input line 1374.
Package xcolor Info: Model `Gray' substituted by `gray' on input line 1375.
Package xcolor Info: Model `wave' substituted by `hsb' on input line 1376.
)
(c:/texlive/2022/texmf-dist/tex/generic/pgf/basiclayer/pgfcore.code.tex
Package: pgfcore 2021/05/15 v3.1.9a (3.1.9a)

(c:/texlive/2022/texmf-dist/tex/generic/pgf/math/pgfmath.code.tex
(c:/texlive/2022/texmf-dist/tex/generic/pgf/math/pgfmathcalc.code.tex
(c:/texlive/2022/texmf-dist/tex/generic/pgf/math/pgfmathutil.code.tex)
(c:/texlive/2022/texmf-dist/tex/generic/pgf/math/pgfmathparser.code.tex
\pgfmath@dimen=\dimen198
\pgfmath@count=\count315
\pgfmath@box=\box57
\pgfmath@toks=\toks32
\pgfmath@stack@operand=\toks33
\pgfmath@stack@operation=\toks34
)
(c:/texlive/2022/texmf-dist/tex/generic/pgf/math/pgfmathfunctions.code.tex
(c:/texlive/2022/texmf-dist/tex/generic/pgf/math/pgfmathfunctions.basic.code.te
x)
(c:/texlive/2022/texmf-dist/tex/generic/pgf/math/pgfmathfunctions.trigonometric
.code.tex)
(c:/texlive/2022/texmf-dist/tex/generic/pgf/math/pgfmathfunctions.random.code.t
ex)
(c:/texlive/2022/texmf-dist/tex/generic/pgf/math/pgfmathfunctions.comparison.co
de.tex)
(c:/texlive/2022/texmf-dist/tex/generic/pgf/math/pgfmathfunctions.base.code.tex
)
(c:/texlive/2022/texmf-dist/tex/generic/pgf/math/pgfmathfunctions.round.code.te
x)
(c:/texlive/2022/texmf-dist/tex/generic/pgf/math/pgfmathfunctions.misc.code.tex
)
(c:/texlive/2022/texmf-dist/tex/generic/pgf/math/pgfmathfunctions.integerarithm
etics.code.tex)))
(c:/texlive/2022/texmf-dist/tex/generic/pgf/math/pgfmathfloat.code.tex
\c@pgfmathroundto@lastzeros=\count316
))
(c:/texlive/2022/texmf-dist/tex/generic/pgf/math/pgfint.code.tex)
(c:/texlive/2022/texmf-dist/tex/generic/pgf/basiclayer/pgfcorepoints.code.tex
File: pgfcorepoints.code.tex 2021/05/15 v3.1.9a (3.1.9a)
\pgf@picminx=\dimen199
\pgf@picmaxx=\dimen256
\pgf@picminy=\dimen257
\pgf@picmaxy=\dimen258
\pgf@pathminx=\dimen259
\pgf@pathmaxx=\dimen260
\pgf@pathminy=\dimen261
\pgf@pathmaxy=\dimen262
\pgf@xx=\dimen263
\pgf@xy=\dimen264
\pgf@yx=\dimen265
\pgf@yy=\dimen266
\pgf@zx=\dimen267
\pgf@zy=\dimen268
)
(c:/texlive/2022/texmf-dist/tex/generic/pgf/basiclayer/pgfcorepathconstruct.cod
e.tex
File: pgfcorepathconstruct.code.tex 2021/05/15 v3.1.9a (3.1.9a)
\pgf@path@lastx=\dimen269
\pgf@path@lasty=\dimen270
)
(c:/texlive/2022/texmf-dist/tex/generic/pgf/basiclayer/pgfcorepathusage.code.te
x
File: pgfcorepathusage.code.tex 2021/05/15 v3.1.9a (3.1.9a)
\pgf@shorten@end@additional=\dimen271
\pgf@shorten@start@additional=\dimen272
)
(c:/texlive/2022/texmf-dist/tex/generic/pgf/basiclayer/pgfcorescopes.code.tex
File: pgfcorescopes.code.tex 2021/05/15 v3.1.9a (3.1.9a)
\pgfpic=\box58
\pgf@hbox=\box59
\pgf@layerbox@main=\box60
\pgf@picture@serial@count=\count317
)
(c:/texlive/2022/texmf-dist/tex/generic/pgf/basiclayer/pgfcoregraphicstate.code
.tex
File: pgfcoregraphicstate.code.tex 2021/05/15 v3.1.9a (3.1.9a)
\pgflinewidth=\dimen273
)
(c:/texlive/2022/texmf-dist/tex/generic/pgf/basiclayer/pgfcoretransformations.c
ode.tex
File: pgfcoretransformations.code.tex 2021/05/15 v3.1.9a (3.1.9a)
\pgf@pt@x=\dimen274
\pgf@pt@y=\dimen275
\pgf@pt@temp=\dimen276
)
(c:/texlive/2022/texmf-dist/tex/generic/pgf/basiclayer/pgfcorequick.code.tex
File: pgfcorequick.code.tex 2021/05/15 v3.1.9a (3.1.9a)
)
(c:/texlive/2022/texmf-dist/tex/generic/pgf/basiclayer/pgfcoreobjects.code.tex
File: pgfcoreobjects.code.tex 2021/05/15 v3.1.9a (3.1.9a)
)
(c:/texlive/2022/texmf-dist/tex/generic/pgf/basiclayer/pgfcorepathprocessing.co
de.tex
File: pgfcorepathprocessing.code.tex 2021/05/15 v3.1.9a (3.1.9a)
)
(c:/texlive/2022/texmf-dist/tex/generic/pgf/basiclayer/pgfcorearrows.code.tex
File: pgfcorearrows.code.tex 2021/05/15 v3.1.9a (3.1.9a)
\pgfarrowsep=\dimen277
)
(c:/texlive/2022/texmf-dist/tex/generic/pgf/basiclayer/pgfcoreshade.code.tex
File: pgfcoreshade.code.tex 2021/05/15 v3.1.9a (3.1.9a)
\pgf@max=\dimen278
\pgf@sys@shading@range@num=\count318
\pgf@shadingcount=\count319
)
(c:/texlive/2022/texmf-dist/tex/generic/pgf/basiclayer/pgfcoreimage.code.tex
File: pgfcoreimage.code.tex 2021/05/15 v3.1.9a (3.1.9a)

(c:/texlive/2022/texmf-dist/tex/generic/pgf/basiclayer/pgfcoreexternal.code.tex
File: pgfcoreexternal.code.tex 2021/05/15 v3.1.9a (3.1.9a)
\pgfexternal@startupbox=\box61
))
(c:/texlive/2022/texmf-dist/tex/generic/pgf/basiclayer/pgfcorelayers.code.tex
File: pgfcorelayers.code.tex 2021/05/15 v3.1.9a (3.1.9a)
)
(c:/texlive/2022/texmf-dist/tex/generic/pgf/basiclayer/pgfcoretransparency.code
.tex
File: pgfcoretransparency.code.tex 2021/05/15 v3.1.9a (3.1.9a)
)
(c:/texlive/2022/texmf-dist/tex/generic/pgf/basiclayer/pgfcorepatterns.code.tex
File: pgfcorepatterns.code.tex 2021/05/15 v3.1.9a (3.1.9a)
) (c:/texlive/2022/texmf-dist/tex/generic/pgf/basiclayer/pgfcorerdf.code.tex
File: pgfcorerdf.code.tex 2021/05/15 v3.1.9a (3.1.9a)
))) (c:/texlive/2022/texmf-dist/tex/generic/pgf/modules/pgfmoduleshapes.code.te
x
File: pgfmoduleshapes.code.tex 2021/05/15 v3.1.9a (3.1.9a)
\pgfnodeparttextbox=\box62
)
(c:/texlive/2022/texmf-dist/tex/generic/pgf/modules/pgfmoduleplot.code.tex
File: pgfmoduleplot.code.tex 2021/05/15 v3.1.9a (3.1.9a)
)
(c:/texlive/2022/texmf-dist/tex/latex/pgf/compatibility/pgfcomp-version-0-65.st
y
Package: pgfcomp-version-0-65 2021/05/15 v3.1.9a (3.1.9a)
\pgf@nodesepstart=\dimen279
\pgf@nodesepend=\dimen280
)
(c:/texlive/2022/texmf-dist/tex/latex/pgf/compatibility/pgfcomp-version-1-18.st
y
Package: pgfcomp-version-1-18 2021/05/15 v3.1.9a (3.1.9a)
)) (c:/texlive/2022/texmf-dist/tex/latex/pgf/utilities/pgffor.sty
(c:/texlive/2022/texmf-dist/tex/latex/pgf/utilities/pgfkeys.sty
(c:/texlive/2022/texmf-dist/tex/generic/pgf/utilities/pgfkeys.code.tex))
(c:/texlive/2022/texmf-dist/tex/latex/pgf/math/pgfmath.sty
(c:/texlive/2022/texmf-dist/tex/generic/pgf/math/pgfmath.code.tex))
(c:/texlive/2022/texmf-dist/tex/generic/pgf/utilities/pgffor.code.tex
Package: pgffor 2021/05/15 v3.1.9a (3.1.9a)

(c:/texlive/2022/texmf-dist/tex/generic/pgf/math/pgfmath.code.tex)
\pgffor@iter=\dimen281
\pgffor@skip=\dimen282
\pgffor@stack=\toks35
\pgffor@toks=\toks36
))
(c:/texlive/2022/texmf-dist/tex/generic/pgf/frontendlayer/tikz/tikz.code.tex
Package: tikz 2021/05/15 v3.1.9a (3.1.9a)

(c:/texlive/2022/texmf-dist/tex/generic/pgf/libraries/pgflibraryplothandlers.co
de.tex
File: pgflibraryplothandlers.code.tex 2021/05/15 v3.1.9a (3.1.9a)
\pgf@plot@mark@count=\count320
\pgfplotmarksize=\dimen283
)
\tikz@lastx=\dimen284
\tikz@lasty=\dimen285
\tikz@lastxsaved=\dimen286
\tikz@lastysaved=\dimen287
\tikz@lastmovetox=\dimen288
\tikz@lastmovetoy=\dimen289
\tikzleveldistance=\dimen290
\tikzsiblingdistance=\dimen291
\tikz@figbox=\box63
\tikz@figbox@bg=\box64
\tikz@tempbox=\box65
\tikz@tempbox@bg=\box66
\tikztreelevel=\count321
\tikznumberofchildren=\count322
\tikznumberofcurrentchild=\count323
\tikz@fig@count=\count324

(c:/texlive/2022/texmf-dist/tex/generic/pgf/modules/pgfmodulematrix.code.tex
File: pgfmodulematrix.code.tex 2021/05/15 v3.1.9a (3.1.9a)
\pgfmatrixcurrentrow=\count325
\pgfmatrixcurrentcolumn=\count326
\pgf@matrix@numberofcolumns=\count327
)
\tikz@expandcount=\count328

(c:/texlive/2022/texmf-dist/tex/generic/pgf/frontendlayer/tikz/libraries/tikzli
brarytopaths.code.tex
File: tikzlibrarytopaths.code.tex 2021/05/15 v3.1.9a (3.1.9a)
)))
(c:/texlive/2022/texmf-dist/tex/latex/tikz-3dplot/tikz-3dplot.sty
(c:/texlive/2022/texmf-dist/tex/latex/base/ifthen.sty
Package: ifthen 2022/04/13 v1.1d Standard LaTeX ifthen package (DPC)
)
(c:/texlive/2022/texmf-dist/tex/generic/pgf/frontendlayer/tikz/libraries/tikzli
brarycalc.code.tex
File: tikzlibrarycalc.code.tex 2021/05/15 v3.1.9a (3.1.9a)
)
(c:/texlive/2022/texmf-dist/tex/generic/pgf/frontendlayer/tikz/libraries/tikzli
brary3d.code.tex
File: tikzlibrary3d.code.tex 2021/05/15 v3.1.9a (3.1.9a)
)
(c:/texlive/2022/texmf-dist/tex/generic/pgf/frontendlayer/tikz/libraries/tikzli
braryarrows.code.tex
File: tikzlibraryarrows.code.tex 2021/05/15 v3.1.9a (3.1.9a)

(c:/texlive/2022/texmf-dist/tex/generic/pgf/libraries/pgflibraryarrows.code.tex
File: pgflibraryarrows.code.tex 2021/05/15 v3.1.9a (3.1.9a)
\arrowsize=\dimen292
)))
(c:/texlive/2022/texmf-dist/tex/generic/pgf/frontendlayer/tikz/libraries/tikzli
brarychains.code.tex
File: tikzlibrarychains.code.tex 2021/05/15 v3.1.9a (3.1.9a)

(c:/texlive/2022/texmf-dist/tex/generic/pgf/frontendlayer/tikz/libraries/tikzli
brarypositioning.code.tex
File: tikzlibrarypositioning.code.tex 2021/05/15 v3.1.9a (3.1.9a)
))
(c:/texlive/2022/texmf-dist/tex/generic/pgf/frontendlayer/tikz/libraries/tikzli
braryshapes.geometric.code.tex
File: tikzlibraryshapes.geometric.code.tex 2021/05/15 v3.1.9a (3.1.9a)

(c:/texlive/2022/texmf-dist/tex/generic/pgf/libraries/shapes/pgflibraryshapes.g
eometric.code.tex
File: pgflibraryshapes.geometric.code.tex 2021/05/15 v3.1.9a (3.1.9a)
))
(c:/texlive/2022/texmf-dist/tex/generic/pgf/frontendlayer/tikz/libraries/tikzli
braryshapes.symbols.code.tex
File: tikzlibraryshapes.symbols.code.tex 2021/05/15 v3.1.9a (3.1.9a)

(c:/texlive/2022/texmf-dist/tex/generic/pgf/libraries/shapes/pgflibraryshapes.s
ymbols.code.tex
File: pgflibraryshapes.symbols.code.tex 2021/05/15 v3.1.9a (3.1.9a)
)) (c:/texlive/2022/texmf-dist/tex/latex/pgfplots/pgfplots.sty
(c:/texlive/2022/texmf-dist/tex/generic/pgfplots/pgfplots.revision.tex)
Package: pgfplots 2021/05/15 v1.18.1 Data Visualization (1.18.1)

(c:/texlive/2022/texmf-dist/tex/generic/pgfplots/pgfplots.code.tex
(c:/texlive/2022/texmf-dist/tex/generic/pgfplots/pgfplotscore.code.tex
\t@pgfplots@toka=\toks37
\t@pgfplots@tokb=\toks38
\t@pgfplots@tokc=\toks39
\pgfplots@tmpa=\dimen293
\c@pgfplots@coordindex=\count329
\c@pgfplots@scanlineindex=\count330

(c:/texlive/2022/texmf-dist/tex/generic/pgfplots/sys/pgfplotssysgeneric.code.te
x))
(c:/texlive/2022/texmf-dist/tex/generic/pgfplots/libs/pgfplotslibrary.code.tex)

(c:/texlive/2022/texmf-dist/tex/generic/pgfplots/oldpgfcompatib/pgfplotsoldpgfs
upp_loader.code.tex
(c:/texlive/2022/texmf-dist/tex/generic/pgf/libraries/pgflibraryfpu.code.tex))
(c:/texlive/2022/texmf-dist/tex/generic/pgfplots/util/pgfplotsutil.code.tex
(c:/texlive/2022/texmf-dist/tex/generic/pgfplots/liststructure/pgfplotsliststru
cture.code.tex)
(c:/texlive/2022/texmf-dist/tex/generic/pgfplots/liststructure/pgfplotsliststru
ctureext.code.tex)
(c:/texlive/2022/texmf-dist/tex/generic/pgfplots/liststructure/pgfplotsarray.co
de.tex
\c@pgfplotsarray@tmp=\count331
)
(c:/texlive/2022/texmf-dist/tex/generic/pgfplots/liststructure/pgfplotsmatrix.c
ode.tex)
(c:/texlive/2022/texmf-dist/tex/generic/pgfplots/numtable/pgfplotstableshared.c
ode.tex
\c@pgfplotstable@counta=\count332
\t@pgfplotstable@a=\toks40
)
(c:/texlive/2022/texmf-dist/tex/generic/pgfplots/liststructure/pgfplotsdeque.co
de.tex)
(c:/texlive/2022/texmf-dist/tex/generic/pgfplots/util/pgfplotsbinary.code.tex
(c:/texlive/2022/texmf-dist/tex/generic/pgfplots/util/pgfplotsbinary.data.code.
tex))
(c:/texlive/2022/texmf-dist/tex/generic/pgfplots/util/pgfplotsutil.verb.code.te
x)
(c:/texlive/2022/texmf-dist/tex/generic/pgfplots/libs/pgflibrarypgfplots.surfsh
ading.code.tex
\c@pgfplotslibrarysurf@no=\count333

(c:/texlive/2022/texmf-dist/tex/generic/pgfplots/sys/pgflibrarypgfplots.surfsha
ding.pgfsys-pdftex.def)))
(c:/texlive/2022/texmf-dist/tex/generic/pgfplots/util/pgfplotscolormap.code.tex
(c:/texlive/2022/texmf-dist/tex/generic/pgfplots/util/pgfplotscolor.code.tex))
(c:/texlive/2022/texmf-dist/tex/generic/pgfplots/pgfplotsstackedplots.code.tex)
(c:/texlive/2022/texmf-dist/tex/generic/pgfplots/pgfplotsplothandlers.code.tex
(c:/texlive/2022/texmf-dist/tex/generic/pgfplots/pgfplotsmeshplothandler.code.t
ex
(c:/texlive/2022/texmf-dist/tex/generic/pgfplots/pgfplotsmeshplotimage.code.tex
))) (c:/texlive/2022/texmf-dist/tex/generic/pgfplots/pgfplots.scaling.code.tex)

(c:/texlive/2022/texmf-dist/tex/generic/pgfplots/pgfplotscoordprocessing.code.t
ex)
(c:/texlive/2022/texmf-dist/tex/generic/pgfplots/pgfplots.errorbars.code.tex)
(c:/texlive/2022/texmf-dist/tex/generic/pgfplots/pgfplots.markers.code.tex)
(c:/texlive/2022/texmf-dist/tex/generic/pgfplots/pgfplotsticks.code.tex)
(c:/texlive/2022/texmf-dist/tex/generic/pgfplots/pgfplots.paths.code.tex)
(c:/texlive/2022/texmf-dist/tex/generic/pgf/frontendlayer/tikz/libraries/tikzli
brarydecorations.code.tex
(c:/texlive/2022/texmf-dist/tex/generic/pgf/modules/pgfmoduledecorations.code.t
ex
\pgfdecoratedcompleteddistance=\dimen294
\pgfdecoratedremainingdistance=\dimen295
\pgfdecoratedinputsegmentcompleteddistance=\dimen296
\pgfdecoratedinputsegmentremainingdistance=\dimen297
\pgf@decorate@distancetomove=\dimen298
\pgf@decorate@repeatstate=\count334
\pgfdecorationsegmentamplitude=\dimen299
\pgfdecorationsegmentlength=\dimen300
)
\tikz@lib@dec@box=\box67
)
(c:/texlive/2022/texmf-dist/tex/generic/pgf/frontendlayer/tikz/libraries/tikzli
brarydecorations.pathmorphing.code.tex
(c:/texlive/2022/texmf-dist/tex/generic/pgf/libraries/decorations/pgflibrarydec
orations.pathmorphing.code.tex))
(c:/texlive/2022/texmf-dist/tex/generic/pgf/frontendlayer/tikz/libraries/tikzli
brarydecorations.pathreplacing.code.tex
(c:/texlive/2022/texmf-dist/tex/generic/pgf/libraries/decorations/pgflibrarydec
orations.pathreplacing.code.tex))
(c:/texlive/2022/texmf-dist/tex/generic/pgfplots/libs/tikzlibrarypgfplots.conto
urlua.code.tex)
\pgfplots@numplots=\count335
\pgfplots@xmin@reg=\dimen301
\pgfplots@xmax@reg=\dimen302
\pgfplots@ymin@reg=\dimen303
\pgfplots@ymax@reg=\dimen304
\pgfplots@zmin@reg=\dimen305
\pgfplots@zmax@reg=\dimen306
)
(c:/texlive/2022/texmf-dist/tex/generic/pgf/frontendlayer/tikz/libraries/tikzli
braryplotmarks.code.tex
File: tikzlibraryplotmarks.code.tex 2021/05/15 v3.1.9a (3.1.9a)

(c:/texlive/2022/texmf-dist/tex/generic/pgf/libraries/pgflibraryplotmarks.code.
tex
File: pgflibraryplotmarks.code.tex 2021/05/15 v3.1.9a (3.1.9a)
)))
(c:/texlive/2022/texmf-dist/tex/generic/pgfplots/libs/pgflibrarypgfplots.colorb
rewer.code.tex
(c:/texlive/2022/texmf-dist/tex/generic/pgfplots/libs/tikzlibrarycolorbrewer.co
de.tex))
(c:/texlive/2022/texmf-dist/tex/generic/pgfplots/libs/tikzlibrarypgfplots.polar
.code.tex)
(c:/texlive/2022/texmf-dist/tex/generic/pgf/frontendlayer/tikz/libraries/tikzli
braryangles.code.tex
File: tikzlibraryangles.code.tex 2021/05/15 v3.1.9a (3.1.9a)
)
(c:/texlive/2022/texmf-dist/tex/generic/pgf/libraries/pgflibraryarrows.meta.cod
e.tex
File: pgflibraryarrows.meta.code.tex 2021/05/15 v3.1.9a (3.1.9a)
\pgfarrowinset=\dimen307
\pgfarrowlength=\dimen308
\pgfarrowwidth=\dimen309
\pgfarrowlinewidth=\dimen310
)
(c:/texlive/2022/texmf-dist/tex/generic/pgf/frontendlayer/tikz/libraries/tikzli
braryquotes.code.tex
File: tikzlibraryquotes.code.tex 2021/05/15 v3.1.9a (3.1.9a)
) (c:/texlive/2022/texmf-dist/tex/latex/siunitx/siunitx.sty
Package: siunitx 2022-09-07 v3.1.7 A comprehensive (SI) units package
\l__siunitx_angle_tmp_dim=\dimen311
\l__siunitx_angle_marker_box=\box68
\l__siunitx_angle_unit_box=\box69
\l__siunitx_compound_count_int=\count336
(c:/texlive/2022/texmf-dist/tex/latex/translations/translations.sty
Package: translations 2022/02/05 v1.12 internationalization of LaTeX2e packages
 (CN)

(c:/texlive/2022/texmf-dist/tex/latex/etoolbox/etoolbox.sty
Package: etoolbox 2020/10/05 v2.5k e-TeX tools for LaTeX (JAW)
\etb@tempcnta=\count337
))
\l__siunitx_number_exponent_fixed_int=\count338
\l__siunitx_number_min_decimal_int=\count339
\l__siunitx_number_min_integer_int=\count340
\l__siunitx_number_round_precision_int=\count341
\l__siunitx_number_group_first_int=\count342
\l__siunitx_number_group_size_int=\count343
\l__siunitx_number_group_minimum_int=\count344
\l__siunitx_table_tmp_box=\box70
\l__siunitx_table_tmp_dim=\dimen312
\l__siunitx_table_column_width_dim=\dimen313
\l__siunitx_table_integer_box=\box71
\l__siunitx_table_decimal_box=\box72
\l__siunitx_table_before_box=\box73
\l__siunitx_table_after_box=\box74
\l__siunitx_table_before_dim=\dimen314
\l__siunitx_table_carry_dim=\dimen315
\l__siunitx_unit_tmp_int=\count345
\l__siunitx_unit_position_int=\count346
\l__siunitx_unit_total_int=\count347

(c:/texlive/2022/texmf-dist/tex/latex/tools/array.sty
Package: array 2022/03/10 v2.5f Tabular extension package (FMi)
\col@sep=\dimen316
\ar@mcellbox=\box75
\extrarowheight=\dimen317
\NC@list=\toks41
\extratabsurround=\skip61
\backup@length=\skip62
\ar@cellbox=\box76
))
(c:/texlive/2022/texmf-dist/tex/latex/l3backend/l3backend-pdftex.def
File: l3backend-pdftex.def 2022-08-30 L3 backend support: PDF output (pdfTeX)
\l__color_backend_stack_int=\count348
\l__pdf_internal_box=\box77
)
(./fpga.aux

LaTeX Warning: Label `Start_V' multiply defined.


LaTeX Warning: Label `sub@Start_V' multiply defined.


LaTeX Warning: Label `Win_Project' multiply defined.


LaTeX Warning: Label `sub@Win_Project' multiply defined.


LaTeX Warning: Label `prj_sum' multiply defined.


LaTeX Warning: Label `full_adder' multiply defined.


LaTeX Warning: Label `full_adder' multiply defined.


LaTeX Warning: Label `fig:chirp_q' multiply defined.


LaTeX Warning: Label `cordic_axi4_stream_options' multiply defined.


LaTeX Warning: Label `cordic_axi4_stream_options' multiply defined.


LaTeX Warning: Label `cordic_axi4_stream_options' multiply defined.


LaTeX Warning: Label `cordic_axi4_stream_options' multiply defined.


LaTeX Warning: Label `cordic_axi4_stream_options' multiply defined.


LaTeX Warning: Label `cordic_axi4_stream_options' multiply defined.


LaTeX Warning: Label `cordic_axi4_stream_options' multiply defined.


LaTeX Warning: Label `LCD_TO_FPGA' multiply defined.

)
\openout1 = `fpga.aux'.

LaTeX Font Info:    Checking defaults for OML/cmm/m/it on input line 66.
LaTeX Font Info:    ... okay on input line 66.
LaTeX Font Info:    Checking defaults for OMS/cmsy/m/n on input line 66.
LaTeX Font Info:    ... okay on input line 66.
LaTeX Font Info:    Checking defaults for OT1/cmr/m/n on input line 66.
LaTeX Font Info:    ... okay on input line 66.
LaTeX Font Info:    Checking defaults for T1/cmr/m/n on input line 66.
LaTeX Font Info:    ... okay on input line 66.
LaTeX Font Info:    Checking defaults for TS1/cmr/m/n on input line 66.
LaTeX Font Info:    ... okay on input line 66.
LaTeX Font Info:    Checking defaults for OMX/cmex/m/n on input line 66.
LaTeX Font Info:    ... okay on input line 66.
LaTeX Font Info:    Checking defaults for U/cmr/m/n on input line 66.
LaTeX Font Info:    ... okay on input line 66.
LaTeX Font Info:    Checking defaults for T2A/cmr/m/n on input line 66.
LaTeX Font Info:    ... okay on input line 66.
LaTeX Font Info:    Checking defaults for PD1/pdf/m/n on input line 66.
LaTeX Font Info:    ... okay on input line 66.
LaTeX Font Info:    Checking defaults for PU/pdf/m/n on input line 66.
LaTeX Font Info:    ... okay on input line 66.
LaTeX Info: Redefining \th on input line 66.
Package hyperref Info: Link coloring OFF on input line 66.
 (./fpga.out) (./fpga.out)
\@outlinefile=\write5
\openout5 = `fpga.out'.


(c:/texlive/2022/texmf-dist/tex/context/base/mkii/supp-pdf.mkii
[Loading MPS to PDF converter (version 2006.09.02).]
\scratchcounter=\count349
\scratchdimen=\dimen318
\scratchbox=\box78
\nofMPsegments=\count350
\nofMParguments=\count351
\everyMPshowfont=\toks42
\MPscratchCnt=\count352
\MPscratchDim=\dimen319
\MPnumerator=\count353
\makeMPintoPDFobject=\count354
\everyMPtoPDFconversion=\toks43
) (c:/texlive/2022/texmf-dist/tex/latex/epstopdf-pkg/epstopdf-base.sty
Package: epstopdf-base 2020-01-24 v2.11 Base part for package epstopdf
Package epstopdf-base Info: Redefining graphics rule for `.eps' on input line 4
85.

(c:/texlive/2022/texmf-dist/tex/latex/latexconfig/epstopdf-sys.cfg
File: epstopdf-sys.cfg 2010/07/13 v1.3 Configuration of (r)epstopdf for TeX Liv
e
))
Package caption Info: Begin \AtBeginDocument code.
Package caption Info: listings package is loaded.
Package caption Info: subfigure package is loaded.
Package caption Info: End \AtBeginDocument code.
\c@lstlisting=\count355

Package pgfplots notification 'compat/show suggested version=true': document ha
s been generated with the most recent feature set (\pgfplotsset{compat=1.18}).

Package translations Info: no dictionary file `translations-basic-dictionary-ru
ssian.trsl' found. on input line 66.

(c:/texlive/2022/texmf-dist/tex/latex/translations/translations-basic-dictionar
y-english.trsl
File: translations-basic-dictionary-english.trsl (english translation file `tra
nslations-basic-dictionary')
)
Package translations Info: loading dictionary `translations-basic-dictionary' f
or `english'. on input line 66.
 [1

{c:/texlive/2022/texmf-var/fonts/map/pdftex/updmap/pdftex.map}] (./fpga.toc
pdfTeX warning (ext4): destination with the same identifier (name{page.1}) has 
been already used, duplicate ignored
<to be read again> 
                   \relax 
l.51 ...IC Bus Interface IP Core}{91}{section.8.4}
                                                  % [1

])
\tf@toc=\write6
\openout6 = `fpga.toc'.

 [2]
{\cyrillictext \CYRG \cyrl \cyra \cyrv \cyra } 1.
<image/m_3.png, id=321, 505.89pt x 614.295pt>
File: image/m_3.png Graphic file (type png)
<use image/m_3.png>
Package pdftex.def Info: image/m_3.png  used on input line 88.
(pdftex.def)             Requested size: 153.8385pt x 186.80197pt.
<image/2.png, id=323, 997.7275pt x 730.73pt>
File: image/2.png Graphic file (type png)
<use image/2.png>
Package pdftex.def Info: image/2.png  used on input line 95.
(pdftex.def)             Requested size: 205.1128pt x 150.22432pt.
[3

 <./image/m_3.PNG>]
<image/l1_lab_1.png, id=336, 590.205pt x 498.36188pt>
File: image/l1_lab_1.png Graphic file (type png)
<use image/l1_lab_1.png>
Package pdftex.def Info: image/l1_lab_1.png  used on input line 106.
(pdftex.def)             Requested size: 205.1128pt x 173.18974pt.
<image/8.png, id=338, 993.7125pt x 735.74875pt>
File: image/8.png Graphic file (type png)
<use image/8.png>
Package pdftex.def Info: image/8.png  used on input line 114.
(pdftex.def)             Requested size: 205.1128pt x 151.8623pt.
<image/9.png, id=340, 995.72pt x 726.715pt>
File: image/9.png Graphic file (type png)
<use image/9.png>
Package pdftex.def Info: image/9.png  used on input line 123.
(pdftex.def)             Requested size: 205.1128pt x 149.6983pt.
<image/10.png, id=342, 996.72375pt x 728.7225pt>
File: image/10.png Graphic file (type png)
<use image/10.png>
Package pdftex.def Info: image/10.png  used on input line 134.
(pdftex.def)             Requested size: 205.1128pt x 149.95616pt.
 [4 <./image/2.png> <./image/l1_lab_1.PNG> <./image/8.png>]
<image/m_9.png, id=355, 590.95781pt x 503.63156pt>
File: image/m_9.png Graphic file (type png)
<use image/m_9.png>
Package pdftex.def Info: image/m_9.png  used on input line 145.
(pdftex.def)             Requested size: 205.1128pt x 174.7982pt.
LaTeX Font Info:    Trying to load font information for T2A+cmtt on input line 
150.
 (c:/texlive/2022/texmf-dist/tex/latex/cyrillic/t2acmtt.fd
File: t2acmtt.fd 2001/08/11 v1.0a Computer Modern Cyrillic font definitions
)
<image/summary.png, id=357, 994.71625pt x 726.715pt>
File: image/summary.png Graphic file (type png)
<use image/summary.png>
Package pdftex.def Info: image/summary.png  used on input line 154.
(pdftex.def)             Requested size: 205.1128pt x 149.84245pt.
<image/LEDS.png, id=359, 641.39626pt x 303.38344pt>
File: image/LEDS.png Graphic file (type png)
<use image/LEDS.png>
Package pdftex.def Info: image/LEDS.png  used on input line 171.
(pdftex.def)             Requested size: 256.55396pt x 121.35121pt.

Overfull \hbox (28.93192pt too wide) in paragraph at lines 171--171
 [][] 
 []

<image/DIP_SWITCH.png, id=360, 625.58719pt x 350.81062pt>
File: image/DIP_SWITCH.png Graphic file (type png)
<use image/DIP_SWITCH.png>
Package pdftex.def Info: image/DIP_SWITCH.png  used on input line 179.
(pdftex.def)             Requested size: 250.23044pt x 140.32175pt.

Overfull \hbox (22.6084pt too wide) in paragraph at lines 179--179
 [][] 
 []

[5 <./image/9.png> <./image/10.png> <./image/m_9.PNG>]
<image/module_0.png, id=372, 675.27281pt x 687.31781pt>
File: image/module_0.png Graphic file (type png)
<use image/module_0.png>
Package pdftex.def Info: image/module_0.png  used on input line 185.
(pdftex.def)             Requested size: 153.8385pt x 156.58003pt.
 [6 <./image/summary.png> <./image/LEDS.PNG> <./image/DIP_SWITCH.PNG> <./image/
module_0.PNG>]
<image/l_1_sources.png, id=390, 539.01375pt x 318.18875pt>
File: image/l_1_sources.png Graphic file (type png)
<use image/l_1_sources.png>
Package pdftex.def Info: image/l_1_sources.png  used on input line 208.
(pdftex.def)             Requested size: 215.60167pt x 127.27324pt.
<image/l_2_sources.png, id=391, 841.1425pt x 570.13pt>
File: image/l_2_sources.png Graphic file (type png)
<use image/l_2_sources.png>
Package pdftex.def Info: image/l_2_sources.png  used on input line 216.
(pdftex.def)             Requested size: 252.3447pt x 171.04031pt.

Overfull \hbox (24.72266pt too wide) in paragraph at lines 216--216
 [][] 
 []

<image/sw_led.png, id=392, 285.31593pt x 197.98969pt>
File: image/sw_led.png Graphic file (type png)
<use image/sw_led.png>
Package pdftex.def Info: image/sw_led.png  used on input line 229.
(pdftex.def)             Requested size: 171.19087pt x 118.79472pt.
<image/sw_led_2.png, id=393, 649.67719pt x 438.13687pt>
File: image/sw_led_2.png Graphic file (type png)
<use image/sw_led_2.png>
Package pdftex.def Info: image/sw_led_2.png  used on input line 237.
(pdftex.def)             Requested size: 259.86627pt x 175.25163pt.

Overfull \hbox (32.24423pt too wide) in paragraph at lines 237--237
 [][] 
 []

[7 <./image/l_1_sources.png> <./image/l_2_sources.png> <./image/sw_led.PNG> <./
image/sw_led_2.PNG>]
<image/xdc.png, id=413, 293.59688pt x 195.73125pt>
File: image/xdc.png Graphic file (type png)
<use image/xdc.png>
Package pdftex.def Info: image/xdc.png  used on input line 314.
(pdftex.def)             Requested size: 176.15947pt x 117.43964pt.
<image/xdc_2.png, id=414, 637.63219pt x 431.36156pt>
File: image/xdc_2.png Graphic file (type png)
<use image/xdc_2.png>
Package pdftex.def Info: image/xdc_2.png  used on input line 322.
(pdftex.def)             Requested size: 255.04836pt x 172.54156pt.

Overfull \hbox (27.42632pt too wide) in paragraph at lines 322--322
 [][] 
 []

<image/VC707.png, id=415, 1149.5447pt x 650.43pt>
File: image/VC707.png Graphic file (type png)
<use image/VC707.png>
Package pdftex.def Info: image/VC707.png  used on input line 328.
(pdftex.def)             Requested size: 205.1128pt x 116.0501pt.
[8]
Overfull \hbox (16.2605pt too wide) in paragraph at lines 339--340
[]\T2A/cmr/m/n/10 AM39, AN39, AR37, AT37, AR35, AP41, AP42, AU39 - -- 
 ---  ([][]\T2A/cmtt/m/n/10 GPIO_LED_0[]\T2A/cmr/m/n/1
0 ,
 []

[9 <./image/xdc.PNG> <./image/xdc_2.PNG> <./image/VC707.PNG>]
Overfull \hbox (10.42053pt too wide) in paragraph at lines 405--406
[]\T2A/cmr/m/n/10  - --  -----  --
 --, -- - - - Simulation
 []

[10]
<image/l1_sim_1.png, id=444, 635.37375pt x 434.37282pt>
File: image/l1_sim_1.png Graphic file (type png)
<use image/l1_sim_1.png>
Package pdftex.def Info: image/l1_sim_1.png  used on input line 419.
(pdftex.def)             Requested size: 190.61359pt x 130.31284pt.
<image/l1_sim_2.png, id=445, 641.39626pt x 437.38406pt>
File: image/l1_sim_2.png Graphic file (type png)
<use image/l1_sim_2.png>
Package pdftex.def Info: image/l1_sim_2.png  used on input line 427.
(pdftex.def)             Requested size: 192.42035pt x 131.21622pt.
<image/l1_sim_3.png, id=446, 279.29344pt x 191.9672pt>
File: image/l1_sim_3.png Graphic file (type png)
<use image/l1_sim_3.png>
Package pdftex.def Info: image/l1_sim_3.png  used on input line 439.
(pdftex.def)             Requested size: 195.50407pt x 134.37611pt.
<image/l1_sim_4.png, id=447, 638.385pt x 432.86719pt>
File: image/l1_sim_4.png Graphic file (type png)
<use image/l1_sim_4.png>
Package pdftex.def Info: image/l1_sim_4.png  used on input line 447.
(pdftex.def)             Requested size: 255.34947pt x 173.1438pt.

Overfull \hbox (27.72743pt too wide) in paragraph at lines 447--447
 [][] 
 []

[11 <./image/l1_sim_1.PNG> <./image/l1_sim_2.PNG> <./image/l1_sim_3.PNG> <./ima
ge/l1_sim_4.PNG>]
<image/sim_rub.png, id=462, 380.92313pt x 350.81062pt>
File: image/sim_rub.png Graphic file (type png)
<use image/sim_rub.png>
Package pdftex.def Info: image/sim_rub.png  used on input line 513.
(pdftex.def)             Requested size: 205.1128pt x 188.89426pt.
<image/l1_sim_5.png, id=463, 1740.5025pt x 985.43156pt>
File: image/l1_sim_5.png Graphic file (type png)
<use image/l1_sim_5.png>
Package pdftex.def Info: image/l1_sim_5.png  used on input line 520.
(pdftex.def)             Requested size: 358.9513pt x 203.23273pt.
 [12 <./image/sim_rub.PNG>]
<image/synth.PNG, id=471, 757.32938pt x 673.76718pt>
File: image/synth.PNG Graphic file (type png)
<use image/synth.PNG>
Package pdftex.def Info: image/synth.PNG  used on input line 546.
(pdftex.def)             Requested size: 358.9513pt x 319.34363pt.

Overfull \hbox (5.2881pt too wide) in paragraph at lines 568--570
\T2A/cmr/m/n/10  --- -  --. -- --- 
 --  []1.20(a)[],  []1.20(b)[],  []1.21(a)[], []1.21(b)[],  []1.22[],
 []1.23(a)[],
 []

[13 <./image/l1_sim_5.PNG>]
<image/l1_hard_1.png, id=488, 489.32813pt x 269.50688pt>
File: image/l1_hard_1.png Graphic file (type png)
<use image/l1_hard_1.png>
Package pdftex.def Info: image/l1_hard_1.png  used on input line 579.
(pdftex.def)             Requested size: 195.72777pt x 107.80083pt.
<image/l1_hard_2.png, id=489, 636.12656pt x 434.37282pt>
File: image/l1_hard_2.png Graphic file (type png)
<use image/l1_hard_2.png>
Package pdftex.def Info: image/l1_hard_2.png  used on input line 587.
(pdftex.def)             Requested size: 254.4461pt x 173.74605pt.

Overfull \hbox (26.82407pt too wide) in paragraph at lines 587--587
 [][] 
 []

<image/l1_hard_3.png, id=490, 642.90187pt x 432.11438pt>
File: image/l1_hard_3.png Graphic file (type png)
<use image/l1_hard_3.png>
Package pdftex.def Info: image/l1_hard_3.png  used on input line 599.
(pdftex.def)             Requested size: 257.15619pt x 172.84268pt.

Overfull \hbox (1.08139pt too wide) in paragraph at lines 599--599
 [][] 
 []

<image/l1_hard_4.png, id=491, 635.37375pt x 436.63126pt>
File: image/l1_hard_4.png Graphic file (type png)
<use image/l1_hard_4.png>
Package pdftex.def Info: image/l1_hard_4.png  used on input line 607.
(pdftex.def)             Requested size: 254.14499pt x 174.6494pt.

Overfull \hbox (14.91154pt too wide) in paragraph at lines 599--608
[][] [][] 
 []

<image/l1_hard_sum.png, id=492, 639.13782pt x 432.11438pt>
File: image/l1_hard_sum.png Graphic file (type png)
<use image/l1_hard_sum.png>
Package pdftex.def Info: image/l1_hard_sum.png  used on input line 613.
(pdftex.def)             Requested size: 256.3949pt x 173.34378pt.
<image/program_0.png, id=493, 407.27156pt x 411.03563pt>
File: image/program_0.png Graphic file (type png)
<use image/program_0.png>
Package pdftex.def Info: image/program_0.png  used on input line 626.
(pdftex.def)             Requested size: 162.90573pt x 164.41133pt.
<image/program.png, id=494, 465.99094pt x 246.9225pt>
File: image/program.png Graphic file (type png)
<use image/program.png>
Package pdftex.def Info: image/program.png  used on input line 634.
(pdftex.def)             Requested size: 279.59671pt x 148.15462pt.

Overfull \hbox (51.97467pt too wide) in paragraph at lines 634--634
 [][] 
 []

[14 <./image/synth.PNG>] [15 <./image/l1_hard_1.PNG> <./image/l1_hard_2.PNG> <.
/image/l1_hard_3.PNG> <./image/l1_hard_4.PNG>]
<image/Full_Adder.PNG, id=519, 401.5pt x 180.675pt>
File: image/Full_Adder.PNG Graphic file (type png)
<use image/Full_Adder.PNG>
Package pdftex.def Info: image/Full_Adder.PNG  used on input line 687.
(pdftex.def)             Requested size: 358.9513pt x 161.53906pt.

Overfull \hbox (11.11115pt too wide) in paragraph at lines 692--699
\T2A/cmr/m/n/10 -- ----,   --  - 
-- (1+1=2   -- - 1'b1+1'b1=2'b10).
 []

[16 <./image/l1_hard_sum.PNG> <./image/program_0.PNG> <./image/program.PNG>]
[17 <./image/Full_Adder.png>] [18] [19] [20]
{\cyrillictext \CYRG \cyrl \cyra \cyrv \cyra } 2.
PGFPlots: reading {Synopsis/data/third-party/pwm_30.dat}
Missing character: There is no ; in font nullfont!
PGFPlots: reading {Synopsis/data/third-party/pwm_70.dat}
Missing character: There is no ; in font nullfont!
PGFPlots: reading {Synopsis/data/third-party/pwm_90.dat}
Missing character: There is no ; in font nullfont!

LaTeX Warning: `h' float specifier changed to `ht'.

<image/SCH_FAN.PNG, id=574, 925.20656pt x 417.05812pt>
File: image/SCH_FAN.PNG Graphic file (type png)
<use image/SCH_FAN.PNG>
Package pdftex.def Info: image/SCH_FAN.PNG  used on input line 1004.
(pdftex.def)             Requested size: 256.3949pt x 115.57271pt.
[21

]
<image/MMCM2_BASE.PNG, id=590, 800.23969pt x 472.01344pt>
File: image/MMCM2_BASE.PNG Graphic file (type png)
<use image/MMCM2_BASE.PNG>
Package pdftex.def Info: image/MMCM2_BASE.PNG  used on input line 1026.
(pdftex.def)             Requested size: 256.3949pt x 151.23463pt.
 [22 <./image/SCH_FAN.PNG> <./image/MMCM2_BASE.PNG>] [23] [24] [25]
[26]
<image/FF_0.png, id=650, 1332.47812pt x 387.69844pt>
File: image/FF_0.png Graphic file (type png)
<use image/FF_0.png>
Package pdftex.def Info: image/FF_0.png  used on input line 1305.
(pdftex.def)             Requested size: 307.677pt x 89.51779pt.
 [27 <./image/FF_0.PNG>]
<image/FF_1.png, id=657, 1341.51187pt x 356.0803pt>
File: image/FF_1.png Graphic file (type png)
<use image/FF_1.png>
Package pdftex.def Info: image/FF_1.png  used on input line 1336.
(pdftex.def)             Requested size: 307.677pt x 81.6631pt.
<image/FF_2.png, id=658, 1374.63562pt x 343.2825pt>
File: image/FF_2.png Graphic file (type png)
<use image/FF_2.png>
Package pdftex.def Info: image/FF_2.png  used on input line 1367.
(pdftex.def)             Requested size: 307.677pt x 76.8319pt.
 [28 <./image/FF_1.PNG> <./image/FF_2.PNG>]
<image/FF_3.png, id=667, 1380.65813pt x 347.04657pt>
File: image/FF_3.png Graphic file (type png)
<use image/FF_3.png>
Package pdftex.def Info: image/FF_3.png  used on input line 1398.
(pdftex.def)             Requested size: 307.677pt x 77.33543pt.

[29 <./image/FF_3.PNG>] [30] [31] [32] [33] [34]
{\cyrillictext \CYRG \cyrl \cyra \cyrv \cyra } 3.
<image/LCD1602.PNG, id=700, 353.82187pt x 144.54pt>
File: image/LCD1602.PNG Graphic file (type png)
<use image/LCD1602.PNG>
Package pdftex.def Info: image/LCD1602.PNG  used on input line 1656.
(pdftex.def)             Requested size: 205.1128pt x 83.79134pt.
[35

 <./image/LCD1602.PNG>]
<image/LCD_WR_2.PNG, id=708, 800.23969pt x 405.76593pt>
File: image/LCD_WR_2.PNG Graphic file (type png)
<use image/LCD_WR_2.PNG>
Package pdftex.def Info: image/LCD_WR_2.PNG  used on input line 1742.
(pdftex.def)             Requested size: 358.9513pt x 182.01097pt.
 [36 <./image/LCD_WR_2.PNG>]
<image/LCD_READ_2.PNG, id=720, 817.55438pt x 403.5075pt>
File: image/LCD_READ_2.PNG Graphic file (type png)
<use image/LCD_READ_2.PNG>
Package pdftex.def Info: image/LCD_READ_2.PNG  used on input line 1781.
(pdftex.def)             Requested size: 358.9513pt x 177.16211pt.
 [37 <./image/LCD_READ_2.PNG>]
Overfull \hbox (32.33766pt too wide) in paragraph at lines 1867--1868
[]\T2A/cmr/m/n/10  -, -- 200 , -- --- 
   ----- -: [][]\T2A/cmtt/m/n/10 clk_in_n[]\T2A/cmr
/m/n/10 ,[][]\T2A/cmtt/m/n/10 clk_in_p[]\T2A/cmr/m/n/10 ; 
 []

[38] [39] [40] [41] [42] [43] [44] [45] [46] [47] [48] [49]
{\cyrillictext \CYRG \cyrl \cyra \cyrv \cyra } 4.
<image/m_12.png, id=816, 627.84563pt x 600.74437pt>
File: image/m_12.png Graphic file (type png)
<use image/m_12.png>
Package pdftex.def Info: image/m_12.png  used on input line 2555.
(pdftex.def)             Requested size: 188.35513pt x 180.2247pt.
<image/m_13.png, id=817, 278.54062pt x 196.48407pt>
File: image/m_13.png Graphic file (type png)
<use image/m_13.png>
Package pdftex.def Info: image/m_13.png  used on input line 2563.
(pdftex.def)             Requested size: 139.26996pt x 98.24179pt.
[50

 <./image/m_12.PNG> <./image/m_13.PNG>]
<image/m_16.png, id=828, 241.65282pt x 344.78813pt>
File: image/m_16.png Graphic file (type png)
<use image/m_16.png>
Package pdftex.def Info: image/m_16.png  used on input line 2589.
(pdftex.def)             Requested size: 153.8385pt x 219.50095pt.
 [51 <./image/m_16.PNG>]
<image/m_18.png, id=845, 647.41875pt x 583.42969pt>
File: image/m_18.png Graphic file (type png)
<use image/m_18.png>
Package pdftex.def Info: image/m_18.png  used on input line 2631.
(pdftex.def)             Requested size: 205.1128pt x 184.8407pt.
<image/m_22.png, id=848, 788.19469pt x 593.21625pt>
File: image/m_22.png Graphic file (type png)
<use image/m_22.png>
Package pdftex.def Info: image/m_22.png  used on input line 2680.
(pdftex.def)             Requested size: 205.1128pt x 154.36836pt.
 [52 <./image/m_18.PNG>]
<image/m_24.png, id=869, 642.14906pt x 401.24907pt>
File: image/m_24.png Graphic file (type png)
<use image/m_24.png>
Package pdftex.def Info: image/m_24.png  used on input line 2702.
(pdftex.def)             Requested size: 205.1128pt x 128.16354pt.
 [53 <./image/m_22.PNG> <./image/m_24.PNG>]
<image/m_28.png, id=881, 647.41875pt x 408.77719pt>
File: image/m_28.png Graphic file (type png)
<use image/m_28.png>
Package pdftex.def Info: image/m_28.png  used on input line 2747.
(pdftex.def)             Requested size: 358.9513pt x 226.64323pt.
<image/gen.PNG, id=887, 408.77719pt x 563.85657pt>
File: image/gen.PNG Graphic file (type png)
<use image/gen.PNG>
Package pdftex.def Info: image/gen.PNG  used on input line 2786.
(pdftex.def)             Requested size: 204.38809pt x 281.9276pt.
<image/m_35.png, id=888, 386.94562pt x 321.45094pt>
File: image/m_35.png Graphic file (type png)
<use image/m_35.png>
Package pdftex.def Info: image/m_35.png  used on input line 2794.
(pdftex.def)             Requested size: 193.47234pt x 160.72507pt.
<image/m_37.png, id=889, 412.54124pt x 561.59813pt>
File: image/m_37.png Graphic file (type png)
<use image/m_37.png>
Package pdftex.def Info: image/m_37.png  used on input line 2800.
(pdftex.def)             Requested size: 153.8385pt x 209.42479pt.
<image/m_39.png, id=890, 718.93594pt x 203.25937pt>
File: image/m_39.png Graphic file (type png)
<use image/m_39.png>
Package pdftex.def Info: image/m_39.png  used on input line 2807.
(pdftex.def)             Requested size: 410.2334pt x 115.98619pt.
<image/log_1_1.png, id=892, 494.59781pt x 402.75468pt>
File: image/log_1_1.png Graphic file (type png)
<use image/log_1_1.png>
Package pdftex.def Info: image/log_1_1.png  used on input line 2824.
(pdftex.def)             Requested size: 205.1128pt x 167.0233pt.
 [54 <./image/m_28.PNG>]
<image/log_1.png, id=915, 266.49562pt x 200.24812pt>
File: image/log_1.png Graphic file (type png)
<use image/log_1.png>
Package pdftex.def Info: image/log_1.png  used on input line 2838.
(pdftex.def)             Requested size: 205.1128pt x 154.13042pt.
<image/m_46.png, id=916, 680.5425pt x 478.78876pt>
File: image/m_46.png Graphic file (type png)
<use image/m_46.png>
Package pdftex.def Info: image/m_46.png  used on input line 2845.
(pdftex.def)             Requested size: 205.1128pt x 144.30255pt.
<image/m_47.png, id=917, 385.44pt x 213.79875pt>
File: image/m_47.png Graphic file (type png)
<use image/m_47.png>
Package pdftex.def Info: image/m_47.png  used on input line 2857.
(pdftex.def)             Requested size: 205.1128pt x 113.77277pt.

[55 <./image/gen.PNG> <./image/m_35.PNG> <./image/m_37.PNG>] [56 <./image/m_39.
PNG> <./image/log_1_1.PNG> <./image/log_1.PNG>] [57 <./image/m_46.PNG> <./image
/m_47.PNG>]
<image/hw_1.png, id=947, 331.99031pt x 393.72093pt>
File: image/hw_1.png Graphic file (type png)
<use image/hw_1.png>
Package pdftex.def Info: image/hw_1.png  used on input line 2932.
(pdftex.def)             Requested size: 165.99474pt x 196.85999pt.
<image/hw_2.png, id=948, 310.15875pt x 185.19188pt>
File: image/hw_2.png Graphic file (type png)
<use image/hw_2.png>
Package pdftex.def Info: image/hw_2.png  used on input line 2940.
(pdftex.def)             Requested size: 155.079pt x 92.5957pt.
<image/image61.png, id=950, 612.03656pt x 156.585pt>
File: image/image61.png Graphic file (type png)
<use image/image61.png>
Package pdftex.def Info: image/image61.png  used on input line 2959.
(pdftex.def)             Requested size: 183.61238pt x 46.97586pt.
<image/image62.png, id=951, 517.935pt x 581.17125pt>
File: image/image62.png Graphic file (type png)
<use image/image62.png>
Package pdftex.def Info: image/image62.png  used on input line 2967.
(pdftex.def)             Requested size: 258.96686pt x 290.58492pt.

Overfull \hbox (31.34482pt too wide) in paragraph at lines 2967--2967
 [][] 
 []

<image/SDK_Exp.png, id=953, 475.02469pt x 287.57437pt>
File: image/SDK_Exp.png Graphic file (type png)
<use image/SDK_Exp.png>
Package pdftex.def Info: image/SDK_Exp.png  used on input line 3000.
(pdftex.def)             Requested size: 256.3949pt x 155.22202pt.
[58 <./image/hw_1.PNG> <./image/hw_2.PNG>] [59 <./image/image61.png (PNG copy)>
 <./image/image62.png (PNG copy)> <./image/SDK_Exp.PNG>]
<image/Terra_0.png, id=981, 287.57437pt x 343.2825pt>
File: image/Terra_0.png Graphic file (type png)
<use image/Terra_0.png>
Package pdftex.def Info: image/Terra_0.png  used on input line 3052.
(pdftex.def)             Requested size: 143.78683pt x 171.64082pt.
<image/terra.png, id=982, 313.9228pt x 330.48468pt>
File: image/terra.png Graphic file (type png)
<use image/terra.png>
Package pdftex.def Info: image/terra.png  used on input line 3060.
(pdftex.def)             Requested size: 156.96101pt x 165.24193pt.
<image/program_FPGA.png, id=986, 643.6547pt x 430.60875pt>
File: image/program_FPGA.png Graphic file (type png)
<use image/program_FPGA.png>
Package pdftex.def Info: image/program_FPGA.png  used on input line 3069.
(pdftex.def)             Requested size: 256.3949pt x 171.53082pt.
<image/terra_result.png, id=988, 331.2375pt x 167.87718pt>
File: image/terra_result.png Graphic file (type png)
<use image/terra_result.png>
Package pdftex.def Info: image/terra_result.png  used on input line 3078.
(pdftex.def)             Requested size: 256.3949pt x 129.95233pt.
 [60 <./image/Terra_0.PNG> <./image/terra.PNG> <./image/Program_FPGA.PNG>] [61 
<./image/Terra_result.PNG>]
{\cyrillictext \CYRG \cyrl \cyra \cyrv \cyra } 5.
<image/AXI_read_ch.png, id=1016, 579.16376pt x 275.0275pt>
File: image/AXI_read_ch.png Graphic file (type png)
<use image/AXI_read_ch.png>
Package pdftex.def Info: image/AXI_read_ch.png  used on input line 3128.
(pdftex.def)             Requested size: 231.66139pt x 110.00905pt.

Overfull \hbox (4.03935pt too wide) in paragraph at lines 3128--3128
 [][] 
 []

<image/AXI_write_ch.png, id=1017, 562.1pt x 354.32375pt>
File: image/AXI_write_ch.png Graphic file (type png)
<use image/AXI_write_ch.png>
Package pdftex.def Info: image/AXI_write_ch.png  used on input line 3136.
(pdftex.def)             Requested size: 224.83601pt x 141.72697pt.
[62

 <./image/AXI_read_ch.png> <./image/AXI_write_ch.png>] [63]
<image/AXI-handshape.png, id=1036, 533.995pt x 241.90375pt>
File: image/AXI-handshape.png Graphic file (type png)
<use image/AXI-handshape.png>
Package pdftex.def Info: image/AXI-handshape.png  used on input line 3227.
(pdftex.def)             Requested size: 205.1128pt x 92.9173pt.
<image/AXI-hand-valid.png, id=1038, 503.8825pt x 217.81375pt>
File: image/AXI-hand-valid.png Graphic file (type png)
<use image/AXI-hand-valid.png>
Package pdftex.def Info: image/AXI-hand-valid.png  used on input line 3237.
(pdftex.def)             Requested size: 205.1128pt x 88.66275pt.
<image/AXI-hand_ready.png, id=1040, 522.95375pt x 226.8475pt>
File: image/AXI-hand_ready.png Graphic file (type png)
<use image/AXI-hand_ready.png>
Package pdftex.def Info: image/AXI-hand_ready.png  used on input line 3247.
(pdftex.def)             Requested size: 205.1128pt x 88.97552pt.
<image/axi_lite_write.png, id=1043, 791.95876pt x 370.38374pt>
File: image/axi_lite_write.png Graphic file (type png)
<use image/axi_lite_write.png>
Package pdftex.def Info: image/axi_lite_write.png  used on input line 3261.
(pdftex.def)             Requested size: 410.2334pt x 191.86029pt.


LaTeX Warning: `h' float specifier changed to `ht'.

[64

 <./image/AXI-handshape.png> <./image/AXI-hand-valid.png> <./image/AXI-hand_rea
dy.png>]
<image/axi_lite_read.png, id=1058, 948.54375pt x 324.21124pt>
File: image/axi_lite_read.png Graphic file (type png)
<use image/axi_lite_read.png>
Package pdftex.def Info: image/axi_lite_read.png  used on input line 3279.
(pdftex.def)             Requested size: 410.2334pt x 140.21448pt.
 [65 <./image/axi_lite_write.png> <./image/axi_lite_read.png>]
<image/create_and_pkg_new_ip_0.png, id=1078, 255.20343pt x 294.34969pt>
File: image/create_and_pkg_new_ip_0.png Graphic file (type png)
<use image/create_and_pkg_new_ip_0.png>
Package pdftex.def Info: image/create_and_pkg_new_ip_0.png  used on input line 
3320.
(pdftex.def)             Requested size: 127.6014pt x 147.17447pt.
<image/create_and_pkg_new_ip_1.png, id=1079, 846.16125pt x 585.18625pt>
File: image/create_and_pkg_new_ip_1.png Graphic file (type png)
<use image/create_and_pkg_new_ip_1.png>
Package pdftex.def Info: image/create_and_pkg_new_ip_1.png  used on input line 
3328.
(pdftex.def)             Requested size: 253.85033pt x 175.55722pt.

Overfull \hbox (26.22829pt too wide) in paragraph at lines 3328--3328
 [][] 
 []

<image/create_and_pkg_new_ip_2.png, id=1080, 638.385pt x 432.11438pt>
File: image/create_and_pkg_new_ip_2.png Graphic file (type png)
<use image/create_and_pkg_new_ip_2.png>
Package pdftex.def Info: image/create_and_pkg_new_ip_2.png  used on input line 
3341.
(pdftex.def)             Requested size: 191.51697pt x 129.6353pt.
<image/create_and_pkg_new_ip_3.png, id=1081, 642.14906pt x 434.37282pt>
File: image/create_and_pkg_new_ip_3.png Graphic file (type png)
<use image/create_and_pkg_new_ip_3.png>
Package pdftex.def Info: image/create_and_pkg_new_ip_3.png  used on input line 
3349.
(pdftex.def)             Requested size: 192.6462pt x 130.31284pt.
<image/create_and_pkg_new_ip_4.png, id=1082, 639.89063pt x 435.12563pt>
File: image/create_and_pkg_new_ip_4.png Graphic file (type png)
<use image/create_and_pkg_new_ip_4.png>
Package pdftex.def Info: image/create_and_pkg_new_ip_4.png  used on input line 
3361.
(pdftex.def)             Requested size: 191.96866pt x 130.53868pt.
<image/create_and_pkg_new_ip_5.png, id=1083, 643.6547pt x 438.13687pt>
File: image/create_and_pkg_new_ip_5.png Graphic file (type png)
<use image/create_and_pkg_new_ip_5.png>
Package pdftex.def Info: image/create_and_pkg_new_ip_5.png  used on input line 
3369.
(pdftex.def)             Requested size: 193.0979pt x 131.44206pt.
[66 <./image/create_and_pkg_new_ip_0.png> <./image/create_and_pkg_new_ip_1.png>
] [67 <./image/create_and_pkg_new_ip_2.PNG> <./image/create_and_pkg_new_ip_3.PN
G> <./image/create_and_pkg_new_ip_4.PNG> <./image/create_and_pkg_new_ip_5.PNG>]
[68] [69] [70] [71] [72] [73] [74]
{\cyrillictext \CYRG \cyrl \cyra \cyrv \cyra } 6.
<image/axis_0.png, id=1140, 702.625pt x 210.7875pt>
File: image/axis_0.png Graphic file (type png)
<use image/axis_0.png>
Package pdftex.def Info: image/axis_0.png  used on input line 3782.
(pdftex.def)             Requested size: 461.50769pt x 138.45761pt.

LaTeX Warning: `h' float specifier changed to `ht'.

[75

 <./image/axis_0.PNG>]

LaTeX Warning: Command \textdegree invalid in math mode on input line 3875.


LaTeX Warning: Command \textdegree invalid in math mode on input line 3875.

Missing character: There is no  in font cmr10!

LaTeX Warning: Command \textdegree invalid in math mode on input line 3878.


LaTeX Warning: Command \textdegree invalid in math mode on input line 3878.

Missing character: There is no  in font cmr10!

LaTeX Warning: Command \textdegree invalid in math mode on input line 3894.


LaTeX Warning: Command \textdegree invalid in math mode on input line 3894.

Missing character: There is no  in font cmr10!
[76]

LaTeX Warning: Command \textdegree invalid in math mode on input line 3910.


LaTeX Warning: Command \textdegree invalid in math mode on input line 3910.

Missing character: There is no  in font cmr10!

LaTeX Warning: Command \textdegree invalid in math mode on input line 3932.


LaTeX Warning: Command \textdegree invalid in math mode on input line 3932.

Missing character: There is no  in font cmr10!

LaTeX Warning: Command \textdegree invalid in math mode on input line 3953.


LaTeX Warning: Command \textdegree invalid in math mode on input line 3953.

Missing character: There is no  in font cmr10!
<image/cordic_config_options.png, id=1158, 970.3753pt x 693.34032pt>
File: image/cordic_config_options.png Graphic file (type png)
<use image/cordic_config_options.png>
Package pdftex.def Info: image/cordic_config_options.png  used on input line 39
73.
(pdftex.def)             Requested size: 256.3949pt x 183.19475pt.

LaTeX Warning: `h' float specifier changed to `ht'.

<image/cordic_axi4_stream_options.png, id=1159, 967.36406pt x 688.82344pt>
File: image/cordic_axi4_stream_options.png Graphic file (type png)
<use image/cordic_axi4_stream_options.png>
Package pdftex.def Info: image/cordic_axi4_stream_options.png  used on input li
ne 3980.
(pdftex.def)             Requested size: 256.3949pt x 182.56888pt.

LaTeX Warning: `h' float specifier changed to `ht'.

PGFPlots: reading {Synopsis/data/third-party/lfm_im.dat}
Missing character: There is no ; in font nullfont!
[77]

LaTeX Warning: `h' float specifier changed to `ht'.

PGFPlots: reading {Synopsis/data/third-party/lfm_re.dat}
Missing character: There is no ; in font nullfont!

LaTeX Warning: `h' float specifier changed to `ht'.

[78 <./image/cordic_config_options.PNG> <./image/cordic_axi4_stream_options.PNG
>] [79]
{\cyrillictext \CYRG \cyrl \cyra \cyrv \cyra } 7.
<image/mig_0_2.png, id=1184, 943.27406pt x 466.74374pt>
File: image/mig_0_2.png Graphic file (type png)
<use image/mig_0_2.png>
Package pdftex.def Info: image/mig_0_2.png  used on input line 4056.
(pdftex.def)             Requested size: 256.3949pt x 126.87pt.
<image/mig_1.png, id=1186, 782.925pt x 578.91281pt>
File: image/mig_1.png Graphic file (type png)
<use image/mig_1.png>
Package pdftex.def Info: image/mig_1.png  used on input line 4065.
(pdftex.def)             Requested size: 205.1128pt x 151.66212pt.

LaTeX Warning: `h' float specifier changed to `ht'.

<image/mig_2.png, id=1188, 779.91376pt x 571.38469pt>
File: image/mig_2.png Graphic file (type png)
<use image/mig_2.png>
Package pdftex.def Info: image/mig_2.png  used on input line 4074.
(pdftex.def)             Requested size: 205.1128pt x 150.26535pt.

LaTeX Warning: `h' float specifier changed to `ht'.

<image/mig_3.png, id=1189, 777.65532pt x 575.14874pt>
File: image/mig_3.png Graphic file (type png)
<use image/mig_3.png>
Package pdftex.def Info: image/mig_3.png  used on input line 4083.
(pdftex.def)             Requested size: 205.1128pt x 151.69405pt.

LaTeX Warning: `h' float specifier changed to `ht'.

<image/mig_4.png, id=1190, 782.925pt x 749.80125pt>
File: image/mig_4.png Graphic file (type png)
<use image/mig_4.png>
Package pdftex.def Info: image/mig_4.png  used on input line 4092.
(pdftex.def)             Requested size: 205.1128pt x 196.43106pt.

LaTeX Warning: `h' float specifier changed to `ht'.

[80

 <./image/mig_0_2.png>]
<image/mig_5.png, id=1198, 777.65532pt x 749.04843pt>
File: image/mig_5.png Graphic file (type png)
<use image/mig_5.png>
Package pdftex.def Info: image/mig_5.png  used on input line 4103.
(pdftex.def)             Requested size: 205.1128pt x 197.55966pt.


LaTeX Warning: `h' float specifier changed to `ht'.

<image/mig_6.png, id=1199, 779.91376pt x 919.93687pt>
File: image/mig_6.png Graphic file (type png)
<use image/mig_6.png>
Package pdftex.def Info: image/mig_6.png  used on input line 4114.
(pdftex.def)             Requested size: 205.1128pt x 241.92921pt.

LaTeX Warning: `h' float specifier changed to `ht'.

<image/mig_7.png, id=1200, 957.5775pt x 730.22812pt>
File: image/mig_7.png Graphic file (type png)
<use image/mig_7.png>
Package pdftex.def Info: image/mig_7.png  used on input line 4121.
(pdftex.def)             Requested size: 205.1128pt x 156.41658pt.

LaTeX Warning: `h' float specifier changed to `ht'.

[81 <./image/mig_1.PNG> <./image/mig_2.PNG>]
<image/mig_10.png, id=1207, 877.77937pt x 691.83469pt>
File: image/mig_10.png Graphic file (type png)
<use image/mig_10.png>
Package pdftex.def Info: image/mig_10.png  used on input line 4136.
(pdftex.def)             Requested size: 256.3949pt x 202.08371pt.


LaTeX Warning: `h' float specifier changed to `ht'.

<image/mig_11.png, id=1208, 879.285pt x 877.02657pt>
File: image/mig_11.png Graphic file (type png)
<use image/mig_11.png>
Package pdftex.def Info: image/mig_11.png  used on input line 4146.
(pdftex.def)             Requested size: 256.3949pt x 255.73633pt.

LaTeX Warning: `h' float specifier changed to `ht'.

<image/mig_m_0.png, id=1209, 635.37375pt x 573.64313pt>
File: image/mig_m_0.png Graphic file (type png)
<use image/mig_m_0.png>
Package pdftex.def Info: image/mig_m_0.png  used on input line 4155.
(pdftex.def)             Requested size: 256.3949pt x 231.49265pt.

LaTeX Warning: `h' float specifier changed to `ht'.

<image/mig_m_1.png, id=1210, 1315.16344pt x 462.97969pt>
File: image/mig_m_1.png Graphic file (type png)
<use image/mig_m_1.png>
Package pdftex.def Info: image/mig_m_1.png  used on input line 4171.
(pdftex.def)             Requested size: 256.3949pt x 90.25594pt.

LaTeX Warning: `h' float specifier changed to `ht'.

[82 <./image/mig_3.PNG> <./image/mig_4.PNG>]
<image/mig_m_3.png, id=1219, 639.13782pt x 393.72093pt>
File: image/mig_m_3.png Graphic file (type png)
<use image/mig_m_3.png>
Package pdftex.def Info: image/mig_m_3.png  used on input line 4191.
(pdftex.def)             Requested size: 256.3949pt x 157.94217pt.


LaTeX Warning: `h' float specifier changed to `ht'.

[83 <./image/mig_5.PNG> <./image/mig_6.PNG>]
<image/mig_m_4.png, id=1228, 1396.4672pt x 646.66594pt>
File: image/mig_m_4.png Graphic file (type png)
<use image/mig_m_4.png>
Package pdftex.def Info: image/mig_m_4.png  used on input line 4214.
(pdftex.def)             Requested size: 256.3949pt x 118.72353pt.


LaTeX Warning: `h' float specifier changed to `ht'.

<image/mig_m_sdk_0.png, id=1229, 379.4175pt x 517.18219pt>
File: image/mig_m_sdk_0.png Graphic file (type png)
<use image/mig_m_sdk_0.png>
Package pdftex.def Info: image/mig_m_sdk_0.png  used on input line 4221.
(pdftex.def)             Requested size: 256.3949pt x 349.49327pt.

LaTeX Warning: `h' float specifier changed to `ht'.

<image/mig_m_sdk_1.png, id=1230, 379.4175pt x 512.66531pt>
File: image/mig_m_sdk_1.png Graphic file (type png)
<use image/mig_m_sdk_1.png>
Package pdftex.def Info: image/mig_m_sdk_1.png  used on input line 4228.
(pdftex.def)             Requested size: 205.1128pt x 277.14804pt.

LaTeX Warning: `h' float specifier changed to `ht'.

<image/mig_result.png, id=1231, 783.67781pt x 160.34906pt>
File: image/mig_result.png Graphic file (type png)
<use image/mig_result.png>
Package pdftex.def Info: image/mig_result.png  used on input line 4237.
(pdftex.def)             Requested size: 256.3949pt x 52.46025pt.

LaTeX Warning: `h' float specifier changed to `ht'.

[84 <./image/mig_7.PNG> <./image/mig_10.PNG>] [85 <./image/mig_11.PNG> <./image
/mig_m_0.PNG> <./image/mig_m_1.PNG>] [86 <./image/mig_m_3.PNG> <./image/mig_m_4
.PNG> <./image/mig_m_sdk_0.PNG>] [87 <./image/mig_m_sdk_1.PNG> <./image/mig_res
ult.PNG>]
{\cyrillictext \CYRG \cyrl \cyra \cyrv \cyra } 8.
[88

]
<image/PCA9548.png, id=1273, 557.83406pt x 231.11343pt>
File: image/PCA9548.png Graphic file (type png)
<use image/PCA9548.png>
Package pdftex.def Info: image/PCA9548.png  used on input line 4304.
(pdftex.def)             Requested size: 307.677pt x 127.476pt.
<image/PCA9548_addr.png, id=1274, 491.58656pt x 97.86563pt>
File: image/PCA9548_addr.png Graphic file (type png)
<use image/PCA9548_addr.png>
Package pdftex.def Info: image/PCA9548_addr.png  used on input line 4336.
(pdftex.def)             Requested size: 256.3949pt x 51.04572pt.
<image/PCA9548_CR.png, id=1275, 435.87843pt x 316.93407pt>
File: image/PCA9548_CR.png Graphic file (type png)
<use image/PCA9548_CR.png>
Package pdftex.def Info: image/PCA9548_CR.png  used on input line 4343.
(pdftex.def)             Requested size: 256.3949pt x 186.4285pt.


LaTeX Warning: `h' float specifier changed to `ht'.

[89 <./image/PCA9548.PNG> <./image/PCA9548_addr.PNG>] [90 <./image/PCA9548_CR.P
NG>]

LaTeX Warning: Command \CYRM invalid in math mode on input line 4387.


LaTeX Warning: Command \CYRG invalid in math mode on input line 4387.


LaTeX Warning: Command \cyrc invalid in math mode on input line 4387.

Missing character: There is no  in font cmr10!
Missing character: There is no  in font cmr10!
Missing character: There is no  in font cmr10!

LaTeX Warning: Command \CYRM invalid in math mode on input line 4391.


LaTeX Warning: Command \CYRG invalid in math mode on input line 4391.


LaTeX Warning: Command \cyrc invalid in math mode on input line 4391.

Missing character: There is no  in font cmr10!
Missing character: There is no  in font cmr10!
Missing character: There is no  in font cmr10!
[91]
{\cyrillictext \CYRP \cyrr \cyri \cyrl \cyro \cyrzh \cyre \cyrn \cyri \cyre } A
.
[92

]
{\cyrillictext \CYRP \cyrr \cyri \cyrl \cyro \cyrzh \cyre \cyrn \cyri \cyre } B
.
[93

]
{\cyrillictext \CYRP \cyrr \cyri \cyrl \cyro \cyrzh \cyre \cyrn \cyri \cyre } C
.
[94

] [95] [96] [97] (./fpga.aux)

LaTeX Warning: There were multiply-defined labels.

Package rerunfilecheck Info: File `fpga.out' has not changed.
(rerunfilecheck)             Checksum: 749430F1520295C45392FCB6BF37F538;17709.
 ) 
Here is how much of TeX's memory you used:
 45447 strings out of 475075
 1072909 string characters out of 5783001
 1835484 words of memory out of 5000000
 65621 multiletter control sequences out of 15000+600000
 487417 words of font info for 66 fonts, out of 8000000 for 9000
 1141 hyphenation exceptions out of 8191
 84i,20n,89p,1307b,2339s stack positions out of 10000i,1000n,20000p,200000b,200000s
{c:/texlive/2022/texmf-dist/fonts/enc/dvips/cm-super/cm-super-t2a.enc}{c:/tex
live/2022/texmf-dist/fonts/enc/dvips/cm-super/cm-super-ts1.enc}<c:/texlive/2022
/texmf-dist/fonts/type1/public/amsfonts/cm/cmmi10.pfb><c:/texlive/2022/texmf-di
st/fonts/type1/public/amsfonts/cm/cmmi7.pfb><c:/texlive/2022/texmf-dist/fonts/t
ype1/public/amsfonts/cm/cmmi8.pfb><c:/texlive/2022/texmf-dist/fonts/type1/publi
c/amsfonts/cm/cmr10.pfb><c:/texlive/2022/texmf-dist/fonts/type1/public/amsfonts
/cm/cmr6.pfb><c:/texlive/2022/texmf-dist/fonts/type1/public/amsfonts/cm/cmr7.pf
b><c:/texlive/2022/texmf-dist/fonts/type1/public/amsfonts/cm/cmr8.pfb><c:/texli
ve/2022/texmf-dist/fonts/type1/public/amsfonts/cm/cmsy10.pfb><c:/texlive/2022/t
exmf-dist/fonts/type1/public/amsfonts/cm/cmsy7.pfb><c:/texlive/2022/texmf-dist/
fonts/type1/public/amsfonts/cm/cmsy8.pfb><c:/texlive/2022/texmf-dist/fonts/type
1/public/amsfonts/cm/cmti10.pfb><c:/texlive/2022/texmf-dist/fonts/type1/public/
amsfonts/cm/cmtt10.pfb><c:/texlive/2022/texmf-dist/fonts/type1/public/cm-super/
sfbx1000.pfb><c:/texlive/2022/texmf-dist/fonts/type1/public/cm-super/sfbx1200.p
fb><c:/texlive/2022/texmf-dist/fonts/type1/public/cm-super/sfbx1440.pfb><c:/tex
live/2022/texmf-dist/fonts/type1/public/cm-super/sfbx2074.pfb><c:/texlive/2022/
texmf-dist/fonts/type1/public/cm-super/sfbx2488.pfb><c:/texlive/2022/texmf-dist
/fonts/type1/public/cm-super/sfrm0500.pfb><c:/texlive/2022/texmf-dist/fonts/typ
e1/public/cm-super/sfrm0800.pfb><c:/texlive/2022/texmf-dist/fonts/type1/public/
cm-super/sfrm1000.pfb><c:/texlive/2022/texmf-dist/fonts/type1/public/cm-super/s
frm1200.pfb><c:/texlive/2022/texmf-dist/fonts/type1/public/cm-super/sfrm1728.pf
b><c:/texlive/2022/texmf-dist/fonts/type1/public/cm-super/sfti1000.pfb><c:/texl
ive/2022/texmf-dist/fonts/type1/public/cm-super/sftt1000.pfb>
Output written on fpga.pdf (98 pages, 6018604 bytes).
PDF statistics:
 1537 PDF objects out of 1728 (max. 8388607)
 1176 compressed objects within 12 object streams
 468 named destinations out of 1000 (max. 500000)
 995 words of extra memory for PDF output out of 10000 (max. 10000000)

